<?xml version="1.0" encoding="UTF-8"?>
<robot generator="Robot 7.1.1 (Python 3.12.6 on win32)" generated="2024-11-26T07:53:34.579381" rpa="false" schemaversion="5">
<suite id="s1" name="ForgotPW" source="C:\Users\ckcruz\Desktop\EPM Matters\Test Environment\epmtest\test\forgotPW\ForgotPW.robot">
<test id="s1-t1" name="[EPM_FORGOT_PW_001]" line="11">
<try>
<branch type="TRY">
<kw name="Open WebApp using Chrome">
<kw name="Open Browser" owner="SeleniumLibrary">
<msg time="2024-11-26T07:53:34.961574" level="INFO">Opening browser 'Chrome' to base url 'https://172.31.32.64/registration_pilot/forgot/forgot_password.php'.</msg>
<arg>${baseURL}</arg>
<arg>${browserName}</arg>
<arg>options=add_argument("--ignore-certificate-errors")</arg>
<doc>Opens a new browser instance to the optional ``url``.</doc>
<status status="PASS" start="2024-11-26T07:53:34.961574" elapsed="5.460125"/>
</kw>
<kw name="Maximize Browser Window" owner="SeleniumLibrary">
<doc>Maximizes current browser window.</doc>
<status status="PASS" start="2024-11-26T07:53:40.422545" elapsed="0.037968"/>
</kw>
<status status="PASS" start="2024-11-26T07:53:34.961574" elapsed="5.498939"/>
</kw>
<kw name="InputValue">
<kw name="Input Text" owner="SeleniumLibrary">
<msg time="2024-11-26T07:53:40.461438" level="INFO">Typing text '12456' into text field 'xpath=//*[@id="empno"]'.</msg>
<arg>xpath=//*[@id="empno"]</arg>
<arg>${username}</arg>
<doc>Types the given ``text`` into the text field identified by ``locator``.</doc>
<status status="PASS" start="2024-11-26T07:53:40.461438" elapsed="0.230384"/>
</kw>
<kw name="Input Text" owner="SeleniumLibrary">
<msg time="2024-11-26T07:53:40.692818" level="INFO">Typing text 'cruzchristiankeirre7675@gmail.com' into text field 'xpath=//*[@id="email"]'.</msg>
<arg>xpath=//*[@id="email"]</arg>
<arg>${email}</arg>
<doc>Types the given ``text`` into the text field identified by ``locator``.</doc>
<status status="PASS" start="2024-11-26T07:53:40.691822" elapsed="0.094746"/>
</kw>
<arg>12456</arg>
<arg>cruzchristiankeirre7675@gmail.com</arg>
<status status="PASS" start="2024-11-26T07:53:40.460513" elapsed="0.326055"/>
</kw>
<kw name="Click Submit Button">
<kw name="Click Button" owner="SeleniumLibrary">
<msg time="2024-11-26T07:53:40.786568" level="INFO">Clicking button 'xpath=/html/body/div[2]/div[2]/form/div[4]/div/button'.</msg>
<arg>xpath=/html/body/div[2]/div[2]/form/div[4]/div/button</arg>
<doc>Clicks the button identified by ``locator``.</doc>
<status status="PASS" start="2024-11-26T07:53:40.786568" elapsed="0.076796"/>
</kw>
<status status="PASS" start="2024-11-26T07:53:40.786568" elapsed="0.076796"/>
</kw>
<kw name="Wait Until Element Is Visible" owner="SeleniumLibrary">
<arg>xpath=//*[@id="modalNotif"]/div/div</arg>
<doc>Waits until the element ``locator`` is visible.</doc>
<status status="PASS" start="2024-11-26T07:53:40.863364" elapsed="3.391303"/>
</kw>
<kw name="Get Text" owner="SeleniumLibrary">
<msg time="2024-11-26T07:53:44.282549" level="INFO">${success_text} = You will receive an email regarding your request within the next 24 hours. Please check your inbox and spam folder for further instructions.</msg>
<var>${success_text}</var>
<arg>xpath=//*[@id="modalNotif-message"]</arg>
<doc>Returns the text value of the element identified by ``locator``.</doc>
<status status="PASS" start="2024-11-26T07:53:44.254667" elapsed="0.027882"/>
</kw>
<kw name="Should Be Equal" owner="BuiltIn">
<arg>${success_text}</arg>
<arg>You will receive an email regarding your request within the next 24 hours. Please check your inbox and spam folder for further instructions.</arg>
<doc>Fails if the given objects are unequal.</doc>
<status status="PASS" start="2024-11-26T07:53:44.282549" elapsed="0.000000"/>
</kw>
<kw name="Click Button" owner="SeleniumLibrary">
<msg time="2024-11-26T07:53:44.283542" level="INFO">Clicking button 'xpath=//*[@id="modalNotif"]/div/div/div[3]/button'.</msg>
<arg>xpath=//*[@id="modalNotif"]/div/div/div[3]/button</arg>
<doc>Clicks the button identified by ``locator``.</doc>
<status status="PASS" start="2024-11-26T07:53:44.283542" elapsed="0.429134"/>
</kw>
<kw name="Sleep" owner="BuiltIn">
<msg time="2024-11-26T07:53:49.712749" level="INFO">Slept 5 seconds.</msg>
<arg>5</arg>
<doc>Pauses the test executed for the given time.</doc>
<status status="PASS" start="2024-11-26T07:53:44.712676" elapsed="5.000073"/>
</kw>
<status status="PASS" start="2024-11-26T07:53:34.960542" elapsed="14.752207"/>
</branch>
<branch type="EXCEPT">
<pattern>Error</pattern>
<kw name="Fatal Error" owner="BuiltIn">
<doc>Stops the whole test execution.</doc>
<status status="NOT RUN" start="2024-11-26T07:53:49.712749" elapsed="0.000000"/>
</kw>
<status status="NOT RUN" start="2024-11-26T07:53:49.712749" elapsed="0.000000"/>
</branch>
<branch type="FINALLY">
<kw name="Close Browser" owner="SeleniumLibrary">
<doc>Closes the current browser.</doc>
<status status="PASS" start="2024-11-26T07:53:49.712749" elapsed="3.986210"/>
</kw>
<status status="PASS" start="2024-11-26T07:53:49.712749" elapsed="3.986210"/>
</branch>
<status status="PASS" start="2024-11-26T07:53:34.960542" elapsed="18.738417"/>
</try>
<tag>EPM_FORGOT_PW_001</tag>
<status status="PASS" start="2024-11-26T07:53:34.960542" elapsed="18.739419"/>
</test>
<test id="s1-t2" name="[EPM_FORGOT_PW_002]" line="28">
<try>
<branch type="TRY">
<kw name="Open WebApp using Chrome">
<kw name="Open Browser" owner="SeleniumLibrary">
<msg time="2024-11-26T07:53:53.703952" level="INFO">Opening browser 'Chrome' to base url 'https://172.31.32.64/registration_pilot/forgot/forgot_password.php'.</msg>
<arg>${baseURL}</arg>
<arg>${browserName}</arg>
<arg>options=add_argument("--ignore-certificate-errors")</arg>
<doc>Opens a new browser instance to the optional ``url``.</doc>
<status status="PASS" start="2024-11-26T07:53:53.703952" elapsed="5.263173"/>
</kw>
<kw name="Maximize Browser Window" owner="SeleniumLibrary">
<doc>Maximizes current browser window.</doc>
<status status="PASS" start="2024-11-26T07:53:58.968130" elapsed="0.042515"/>
</kw>
<status status="PASS" start="2024-11-26T07:53:53.703067" elapsed="5.307578"/>
</kw>
<kw name="InputValue">
<kw name="Input Text" owner="SeleniumLibrary">
<msg time="2024-11-26T07:53:59.011643" level="INFO">Typing text '' into text field 'xpath=//*[@id="empno"]'.</msg>
<arg>xpath=//*[@id="empno"]</arg>
<arg>${username}</arg>
<doc>Types the given ``text`` into the text field identified by ``locator``.</doc>
<status status="PASS" start="2024-11-26T07:53:59.011643" elapsed="0.179596"/>
</kw>
<kw name="Input Text" owner="SeleniumLibrary">
<msg time="2024-11-26T07:53:59.191239" level="INFO">Typing text 'cruzchristiankeirre7675@gmail.com' into text field 'xpath=//*[@id="email"]'.</msg>
<arg>xpath=//*[@id="email"]</arg>
<arg>${email}</arg>
<doc>Types the given ``text`` into the text field identified by ``locator``.</doc>
<status status="PASS" start="2024-11-26T07:53:59.191239" elapsed="0.085773"/>
</kw>
<arg>${EMPTY}</arg>
<arg>cruzchristiankeirre7675@gmail.com</arg>
<status status="PASS" start="2024-11-26T07:53:59.011643" elapsed="0.265369"/>
</kw>
<kw name="Click Submit Button">
<kw name="Click Button" owner="SeleniumLibrary">
<msg time="2024-11-26T07:53:59.278008" level="INFO">Clicking button 'xpath=/html/body/div[2]/div[2]/form/div[4]/div/button'.</msg>
<arg>xpath=/html/body/div[2]/div[2]/form/div[4]/div/button</arg>
<doc>Clicks the button identified by ``locator``.</doc>
<status status="PASS" start="2024-11-26T07:53:59.277012" elapsed="0.079898"/>
</kw>
<status status="PASS" start="2024-11-26T07:53:59.277012" elapsed="0.079898"/>
</kw>
<kw name="Sleep" owner="BuiltIn">
<msg time="2024-11-26T07:54:04.357401" level="INFO">Slept 5 seconds.</msg>
<arg>5</arg>
<doc>Pauses the test executed for the given time.</doc>
<status status="PASS" start="2024-11-26T07:53:59.356910" elapsed="5.000491"/>
</kw>
<status status="PASS" start="2024-11-26T07:53:53.702957" elapsed="10.654444"/>
</branch>
<branch type="EXCEPT">
<pattern>Error</pattern>
<kw name="Fatal Error" owner="BuiltIn">
<doc>Stops the whole test execution.</doc>
<status status="NOT RUN" start="2024-11-26T07:54:04.358454" elapsed="0.001948"/>
</kw>
<status status="NOT RUN" start="2024-11-26T07:54:04.358454" elapsed="0.001948"/>
</branch>
<branch type="FINALLY">
<kw name="Close Browser" owner="SeleniumLibrary">
<doc>Closes the current browser.</doc>
<status status="PASS" start="2024-11-26T07:54:04.361400" elapsed="2.249912"/>
</kw>
<status status="PASS" start="2024-11-26T07:54:04.360402" elapsed="2.250910"/>
</branch>
<status status="PASS" start="2024-11-26T07:53:53.701958" elapsed="12.909354"/>
</try>
<tag>EPM_FORGOT_PW_002</tag>
<status status="PASS" start="2024-11-26T07:53:53.701034" elapsed="12.911547"/>
</test>
<test id="s1-t3" name="[EPM_FORGOT_PW_003]" line="41">
<try>
<branch type="TRY">
<kw name="Open WebApp using Chrome">
<kw name="Open Browser" owner="SeleniumLibrary">
<msg time="2024-11-26T07:54:06.617477" level="INFO">Opening browser 'Chrome' to base url 'https://172.31.32.64/registration_pilot/forgot/forgot_password.php'.</msg>
<arg>${baseURL}</arg>
<arg>${browserName}</arg>
<arg>options=add_argument("--ignore-certificate-errors")</arg>
<doc>Opens a new browser instance to the optional ``url``.</doc>
<status status="PASS" start="2024-11-26T07:54:06.616323" elapsed="5.216937"/>
</kw>
<kw name="Maximize Browser Window" owner="SeleniumLibrary">
<doc>Maximizes current browser window.</doc>
<status status="PASS" start="2024-11-26T07:54:11.833260" elapsed="0.038896"/>
</kw>
<status status="PASS" start="2024-11-26T07:54:06.615559" elapsed="5.256597"/>
</kw>
<kw name="InputValue">
<kw name="Input Text" owner="SeleniumLibrary">
<msg time="2024-11-26T07:54:11.873152" level="INFO">Typing text '12456' into text field 'xpath=//*[@id="empno"]'.</msg>
<arg>xpath=//*[@id="empno"]</arg>
<arg>${username}</arg>
<doc>Types the given ``text`` into the text field identified by ``locator``.</doc>
<status status="PASS" start="2024-11-26T07:54:11.872156" elapsed="0.236798"/>
</kw>
<kw name="Input Text" owner="SeleniumLibrary">
<msg time="2024-11-26T07:54:12.108954" level="INFO">Typing text '' into text field 'xpath=//*[@id="email"]'.</msg>
<arg>xpath=//*[@id="email"]</arg>
<arg>${email}</arg>
<doc>Types the given ``text`` into the text field identified by ``locator``.</doc>
<status status="PASS" start="2024-11-26T07:54:12.108954" elapsed="0.056845"/>
</kw>
<arg>12456</arg>
<arg>${EMPTY}</arg>
<status status="PASS" start="2024-11-26T07:54:11.872156" elapsed="0.294641"/>
</kw>
<kw name="Click Submit Button">
<kw name="Click Button" owner="SeleniumLibrary">
<msg time="2024-11-26T07:54:12.166797" level="INFO">Clicking button 'xpath=/html/body/div[2]/div[2]/form/div[4]/div/button'.</msg>
<arg>xpath=/html/body/div[2]/div[2]/form/div[4]/div/button</arg>
<doc>Clicks the button identified by ``locator``.</doc>
<status status="PASS" start="2024-11-26T07:54:12.166797" elapsed="0.078788"/>
</kw>
<status status="PASS" start="2024-11-26T07:54:12.166797" elapsed="0.078788"/>
</kw>
<kw name="Sleep" owner="BuiltIn">
<msg time="2024-11-26T07:54:17.246087" level="INFO">Slept 5 seconds.</msg>
<arg>5</arg>
<doc>Pauses the test executed for the given time.</doc>
<status status="PASS" start="2024-11-26T07:54:12.245585" elapsed="5.000502"/>
</kw>
<status status="PASS" start="2024-11-26T07:54:06.615559" elapsed="10.630528"/>
</branch>
<branch type="EXCEPT">
<pattern>Error</pattern>
<kw name="Fatal Error" owner="BuiltIn">
<doc>Stops the whole test execution.</doc>
<status status="NOT RUN" start="2024-11-26T07:54:17.246087" elapsed="0.000000"/>
</kw>
<status status="NOT RUN" start="2024-11-26T07:54:17.246087" elapsed="0.000000"/>
</branch>
<branch type="FINALLY">
<kw name="Close Browser" owner="SeleniumLibrary">
<doc>Closes the current browser.</doc>
<status status="PASS" start="2024-11-26T07:54:17.247133" elapsed="2.208387"/>
</kw>
<status status="PASS" start="2024-11-26T07:54:17.247133" elapsed="2.208387"/>
</branch>
<status status="PASS" start="2024-11-26T07:54:06.615559" elapsed="12.839961"/>
</try>
<tag>EPM_FORGOT_PW_003</tag>
<status status="PASS" start="2024-11-26T07:54:06.614330" elapsed="12.842243"/>
</test>
<test id="s1-t4" name="[EPM_FORGOT_PW_005]" line="54">
<try>
<branch type="TRY">
<kw name="Open WebApp using Chrome">
<kw name="Open Browser" owner="SeleniumLibrary">
<msg time="2024-11-26T07:54:19.461557" level="INFO">Opening browser 'Chrome' to base url 'https://172.31.32.64/registration_pilot/forgot/forgot_password.php'.</msg>
<arg>${baseURL}</arg>
<arg>${browserName}</arg>
<arg>options=add_argument("--ignore-certificate-errors")</arg>
<doc>Opens a new browser instance to the optional ``url``.</doc>
<status status="PASS" start="2024-11-26T07:54:19.460557" elapsed="5.327030"/>
</kw>
<kw name="Maximize Browser Window" owner="SeleniumLibrary">
<doc>Maximizes current browser window.</doc>
<status status="PASS" start="2024-11-26T07:54:24.787587" elapsed="0.044846"/>
</kw>
<status status="PASS" start="2024-11-26T07:54:19.460557" elapsed="5.371876"/>
</kw>
<kw name="InputValue">
<kw name="Input Text" owner="SeleniumLibrary">
<msg time="2024-11-26T07:54:24.833430" level="INFO">Typing text '12456' into text field 'xpath=//*[@id="empno"]'.</msg>
<arg>xpath=//*[@id="empno"]</arg>
<arg>${username}</arg>
<doc>Types the given ``text`` into the text field identified by ``locator``.</doc>
<status status="PASS" start="2024-11-26T07:54:24.833430" elapsed="0.183146"/>
</kw>
<kw name="Input Text" owner="SeleniumLibrary">
<msg time="2024-11-26T07:54:25.017679" level="INFO">Typing text 'ASDADSADASD@gmail.com' into text field 'xpath=//*[@id="email"]'.</msg>
<arg>xpath=//*[@id="email"]</arg>
<arg>${email}</arg>
<doc>Types the given ``text`` into the text field identified by ``locator``.</doc>
<status status="PASS" start="2024-11-26T07:54:25.017679" elapsed="0.084662"/>
</kw>
<arg>12456</arg>
<arg>ASDADSADASD@gmail.com</arg>
<status status="PASS" start="2024-11-26T07:54:24.832433" elapsed="0.269908"/>
</kw>
<kw name="Click Submit Button">
<kw name="Click Button" owner="SeleniumLibrary">
<msg time="2024-11-26T07:54:25.102341" level="INFO">Clicking button 'xpath=/html/body/div[2]/div[2]/form/div[4]/div/button'.</msg>
<arg>xpath=/html/body/div[2]/div[2]/form/div[4]/div/button</arg>
<doc>Clicks the button identified by ``locator``.</doc>
<status status="PASS" start="2024-11-26T07:54:25.102341" elapsed="0.071803"/>
</kw>
<status status="PASS" start="2024-11-26T07:54:25.102341" elapsed="0.071803"/>
</kw>
<kw name="Wait Until Element Is Visible" owner="SeleniumLibrary">
<arg>xpath=//*[@id="checkForgotEmail"]</arg>
<doc>Waits until the element ``locator`` is visible.</doc>
<status status="PASS" start="2024-11-26T07:54:25.174144" elapsed="0.023939"/>
</kw>
<kw name="Get Text" owner="SeleniumLibrary">
<msg time="2024-11-26T07:54:25.215033" level="INFO">${email_error} = Oops! Invalid input detected. Please verify your entry and try again. For assistance, contact support.</msg>
<var>${email_error}</var>
<arg>xpath=//*[@id="checkForgotEmail"]</arg>
<doc>Returns the text value of the element identified by ``locator``.</doc>
<status status="PASS" start="2024-11-26T07:54:25.198107" elapsed="0.016926"/>
</kw>
<kw name="Should Be Equal" owner="BuiltIn">
<arg>${email_error}</arg>
<arg>Oops! Invalid input detected. Please verify your entry and try again. For assistance, contact support.</arg>
<doc>Fails if the given objects are unequal.</doc>
<status status="PASS" start="2024-11-26T07:54:25.215033" elapsed="0.000000"/>
</kw>
<kw name="Sleep" owner="BuiltIn">
<msg time="2024-11-26T07:54:30.215520" level="INFO">Slept 5 seconds.</msg>
<arg>5</arg>
<doc>Pauses the test executed for the given time.</doc>
<status status="PASS" start="2024-11-26T07:54:25.215033" elapsed="5.000487"/>
</kw>
<status status="PASS" start="2024-11-26T07:54:19.460022" elapsed="10.755498"/>
</branch>
<branch type="EXCEPT">
<pattern>Error</pattern>
<kw name="Fatal Error" owner="BuiltIn">
<doc>Stops the whole test execution.</doc>
<status status="NOT RUN" start="2024-11-26T07:54:30.216524" elapsed="0.000000"/>
</kw>
<status status="NOT RUN" start="2024-11-26T07:54:30.215520" elapsed="0.002000"/>
</branch>
<branch type="FINALLY">
<kw name="Close Browser" owner="SeleniumLibrary">
<doc>Closes the current browser.</doc>
<status status="PASS" start="2024-11-26T07:54:30.217520" elapsed="2.177027"/>
</kw>
<status status="PASS" start="2024-11-26T07:54:30.217520" elapsed="2.177724"/>
</branch>
<status status="PASS" start="2024-11-26T07:54:19.460022" elapsed="12.935222"/>
</try>
<tag>EPM_FORGOT_PW_005</tag>
<status status="PASS" start="2024-11-26T07:54:19.458514" elapsed="12.937757"/>
</test>
<test id="s1-t5" name="[EPM_FORGOT_PW_006]" line="70">
<try>
<branch type="TRY">
<kw name="Open WebApp using Chrome">
<kw name="Open Browser" owner="SeleniumLibrary">
<msg time="2024-11-26T07:54:32.400277" level="INFO">Opening browser 'Chrome' to base url 'https://172.31.32.64/registration_pilot/forgot/forgot_password.php'.</msg>
<arg>${baseURL}</arg>
<arg>${browserName}</arg>
<arg>options=add_argument("--ignore-certificate-errors")</arg>
<doc>Opens a new browser instance to the optional ``url``.</doc>
<status status="PASS" start="2024-11-26T07:54:32.400277" elapsed="5.027857"/>
</kw>
<kw name="Maximize Browser Window" owner="SeleniumLibrary">
<doc>Maximizes current browser window.</doc>
<status status="PASS" start="2024-11-26T07:54:37.428134" elapsed="0.048864"/>
</kw>
<status status="PASS" start="2024-11-26T07:54:32.399233" elapsed="5.077765"/>
</kw>
<kw name="InputValue">
<kw name="Input Text" owner="SeleniumLibrary">
<msg time="2024-11-26T07:54:37.477997" level="INFO">Typing text '99999' into text field 'xpath=//*[@id="empno"]'.</msg>
<arg>xpath=//*[@id="empno"]</arg>
<arg>${username}</arg>
<doc>Types the given ``text`` into the text field identified by ``locator``.</doc>
<status status="PASS" start="2024-11-26T07:54:37.477997" elapsed="0.193636"/>
</kw>
<kw name="Input Text" owner="SeleniumLibrary">
<msg time="2024-11-26T07:54:37.671633" level="INFO">Typing text 'cruzchristiankeirre7675@gmail.com' into text field 'xpath=//*[@id="email"]'.</msg>
<arg>xpath=//*[@id="email"]</arg>
<arg>${email}</arg>
<doc>Types the given ``text`` into the text field identified by ``locator``.</doc>
<status status="PASS" start="2024-11-26T07:54:37.671633" elapsed="0.085764"/>
</kw>
<arg>99999</arg>
<arg>cruzchristiankeirre7675@gmail.com</arg>
<status status="PASS" start="2024-11-26T07:54:37.476998" elapsed="0.280399"/>
</kw>
<kw name="Click Submit Button">
<kw name="Click Button" owner="SeleniumLibrary">
<msg time="2024-11-26T07:54:37.757397" level="INFO">Clicking button 'xpath=/html/body/div[2]/div[2]/form/div[4]/div/button'.</msg>
<arg>xpath=/html/body/div[2]/div[2]/form/div[4]/div/button</arg>
<doc>Clicks the button identified by ``locator``.</doc>
<status status="PASS" start="2024-11-26T07:54:37.757397" elapsed="0.070806"/>
</kw>
<status status="PASS" start="2024-11-26T07:54:37.757397" elapsed="0.070806"/>
</kw>
<kw name="Wait Until Element Is Visible" owner="SeleniumLibrary">
<arg>xpath=//*[@id="checkForgotUsername"]</arg>
<doc>Waits until the element ``locator`` is visible.</doc>
<status status="PASS" start="2024-11-26T07:54:37.828203" elapsed="0.020944"/>
</kw>
<kw name="Get Text" owner="SeleniumLibrary">
<msg time="2024-11-26T07:54:37.866100" level="INFO">${username_error} = Oops! Invalid input detected. Please verify your entry and try again. For assistance, contact support.</msg>
<var>${username_error}</var>
<arg>xpath=//*[@id="checkForgotUsername"]</arg>
<doc>Returns the text value of the element identified by ``locator``.</doc>
<status status="PASS" start="2024-11-26T07:54:37.849147" elapsed="0.016953"/>
</kw>
<kw name="Should Be Equal" owner="BuiltIn">
<arg>${username_error}</arg>
<arg>Oops! Invalid input detected. Please verify your entry and try again. For assistance, contact support.</arg>
<doc>Fails if the given objects are unequal.</doc>
<status status="PASS" start="2024-11-26T07:54:37.866100" elapsed="0.000999"/>
</kw>
<kw name="Sleep" owner="BuiltIn">
<msg time="2024-11-26T07:54:42.867642" level="INFO">Slept 5 seconds.</msg>
<arg>5</arg>
<doc>Pauses the test executed for the given time.</doc>
<status status="PASS" start="2024-11-26T07:54:37.867233" elapsed="5.000409"/>
</kw>
<status status="PASS" start="2024-11-26T07:54:32.399233" elapsed="10.468409"/>
</branch>
<branch type="EXCEPT">
<pattern>Error</pattern>
<kw name="Fatal Error" owner="BuiltIn">
<doc>Stops the whole test execution.</doc>
<status status="NOT RUN" start="2024-11-26T07:54:42.867642" elapsed="0.000000"/>
</kw>
<status status="NOT RUN" start="2024-11-26T07:54:42.867642" elapsed="0.000000"/>
</branch>
<branch type="FINALLY">
<kw name="Close Browser" owner="SeleniumLibrary">
<doc>Closes the current browser.</doc>
<status status="PASS" start="2024-11-26T07:54:42.867642" elapsed="2.157453"/>
</kw>
<status status="PASS" start="2024-11-26T07:54:42.867642" elapsed="2.157453"/>
</branch>
<status status="PASS" start="2024-11-26T07:54:32.399233" elapsed="12.625862"/>
</try>
<tag>EPM_FORGOT_PW_006</tag>
<status status="PASS" start="2024-11-26T07:54:32.398240" elapsed="12.628022"/>
</test>
<test id="s1-t6" name="[EPM_FORGOT_PW_007]" line="86">
<try>
<branch type="TRY">
<kw name="Open WebApp using Chrome">
<kw name="Open Browser" owner="SeleniumLibrary">
<msg time="2024-11-26T07:54:45.031080" level="INFO">Opening browser 'Chrome' to base url 'https://172.31.32.64/registration_pilot/forgot/forgot_password.php'.</msg>
<arg>${baseURL}</arg>
<arg>${browserName}</arg>
<arg>options=add_argument("--ignore-certificate-errors")</arg>
<doc>Opens a new browser instance to the optional ``url``.</doc>
<status status="PASS" start="2024-11-26T07:54:45.030085" elapsed="5.347741"/>
</kw>
<kw name="Maximize Browser Window" owner="SeleniumLibrary">
<doc>Maximizes current browser window.</doc>
<status status="PASS" start="2024-11-26T07:54:50.378823" elapsed="0.045874"/>
</kw>
<status status="PASS" start="2024-11-26T07:54:45.029087" elapsed="5.395610"/>
</kw>
<kw name="Click Link" owner="SeleniumLibrary">
<msg time="2024-11-26T07:54:50.424697" level="INFO">Clicking link 'xpath=/html/body/div[2]/div[2]/div/div/label/a'.</msg>
<arg>xpath=/html/body/div[2]/div[2]/div/div/label/a</arg>
<doc>Clicks a link identified by ``locator``.</doc>
<status status="PASS" start="2024-11-26T07:54:50.424697" elapsed="0.495601"/>
</kw>
<status status="PASS" start="2024-11-26T07:54:45.029087" elapsed="5.892121"/>
</branch>
<branch type="EXCEPT">
<pattern>Error</pattern>
<kw name="Fatal Error" owner="BuiltIn">
<doc>Stops the whole test execution.</doc>
<status status="NOT RUN" start="2024-11-26T07:54:50.921208" elapsed="0.000000"/>
</kw>
<status status="NOT RUN" start="2024-11-26T07:54:50.921208" elapsed="0.000000"/>
</branch>
<branch type="FINALLY">
<kw name="Sleep" owner="BuiltIn">
<msg time="2024-11-26T07:54:52.921773" level="INFO">Slept 2 seconds.</msg>
<arg>2</arg>
<doc>Pauses the test executed for the given time.</doc>
<status status="PASS" start="2024-11-26T07:54:50.921208" elapsed="2.000565"/>
</kw>
<kw name="Close Browser" owner="SeleniumLibrary">
<doc>Closes the current browser.</doc>
<status status="PASS" start="2024-11-26T07:54:52.921773" elapsed="2.166151"/>
</kw>
<status status="PASS" start="2024-11-26T07:54:50.921208" elapsed="4.167510"/>
</branch>
<status status="PASS" start="2024-11-26T07:54:45.029087" elapsed="10.059631"/>
</try>
<tag>EPM_FORGOT_PW_007</tag>
<status status="PASS" start="2024-11-26T07:54:45.028119" elapsed="10.061600"/>
</test>
<status status="PASS" start="2024-11-26T07:53:34.581141" elapsed="80.510613"/>
</suite>
<statistics>
<total>
<stat pass="6" fail="0" skip="0">All Tests</stat>
</total>
<tag>
<stat pass="1" fail="0" skip="0">EPM_FORGOT_PW_001</stat>
<stat pass="1" fail="0" skip="0">EPM_FORGOT_PW_002</stat>
<stat pass="1" fail="0" skip="0">EPM_FORGOT_PW_003</stat>
<stat pass="1" fail="0" skip="0">EPM_FORGOT_PW_005</stat>
<stat pass="1" fail="0" skip="0">EPM_FORGOT_PW_006</stat>
<stat pass="1" fail="0" skip="0">EPM_FORGOT_PW_007</stat>
</tag>
<suite>
<stat pass="6" fail="0" skip="0" id="s1" name="ForgotPW">ForgotPW</stat>
</suite>
</statistics>
<errors>
</errors>
</robot>
