<?xml version="1.0" encoding="UTF-8"?>
<robot generator="Robot 7.1.1 (Python 3.12.6 on win32)" generated="2024-12-19T14:27:00.337288" rpa="false" schemaversion="5">
<suite id="s1" name="superAdmin" source="C:\Users\ckcruz\Desktop\EPM Matters\Test Environment\epmtest\test\superAdmin\superAdmin.robot">
<test id="s1-t1" name="[EPM_SUPER_ADMIN_003]" line="47">
<try>
<branch type="TRY">
<kw name="Open WebApp using Chrome" owner="EPM_Resource">
<kw name="Open Browser" owner="SeleniumLibrary">
<msg time="2024-12-19T14:27:00.678758" level="INFO">Opening browser 'Chrome' to base url 'https://172.31.32.64/registration_staging/'.</msg>
<arg>${baseURL}</arg>
<arg>${browserName}</arg>
<arg>options=add_argument("--ignore-certificate-errors")</arg>
<doc>Opens a new browser instance to the optional ``url``.</doc>
<status status="PASS" start="2024-12-19T14:27:00.678758" elapsed="4.177476"/>
</kw>
<kw name="Maximize Browser Window" owner="SeleniumLibrary">
<doc>Maximizes current browser window.</doc>
<status status="PASS" start="2024-12-19T14:27:04.856489" elapsed="0.056851"/>
</kw>
<status status="PASS" start="2024-12-19T14:27:00.678061" elapsed="4.236276"/>
</kw>
<kw name="InputValue" owner="EPM_Resource">
<kw name="Input Text" owner="SeleniumLibrary">
<msg time="2024-12-19T14:27:04.919322" level="INFO">Typing text '12456' into text field 'xpath=/html/body/div[2]/div/div/section/div/div[2]/form/div[1]/div/input[2]'.</msg>
<arg>xpath=/html/body/div[2]/div/div/section/div/div[2]/form/div[1]/div/input[2]</arg>
<arg>${username}</arg>
<doc>Types the given ``text`` into the text field identified by ``locator``.</doc>
<status status="PASS" start="2024-12-19T14:27:04.918334" elapsed="0.282402"/>
</kw>
<kw name="Input Password" owner="SeleniumLibrary">
<msg time="2024-12-19T14:27:05.200736" level="INFO">Typing password into text field 'xpath=/html/body/div[2]/div/div/section/div/div[2]/form/div[2]/input'.</msg>
<msg time="2024-12-19T14:27:05.227286" level="INFO">Temporally setting log level to: NONE</msg>
<arg>xpath=/html/body/div[2]/div/div/section/div/div[2]/form/div[2]/input</arg>
<arg>${password}</arg>
<doc>Types the given password into the text field identified by ``locator``.</doc>
<status status="PASS" start="2024-12-19T14:27:05.200736" elapsed="0.064442"/>
</kw>
<arg>username=${personnelUN}</arg>
<arg>password=${personnelPW}</arg>
<status status="PASS" start="2024-12-19T14:27:04.915339" elapsed="0.349839"/>
</kw>
<kw name="Click Login Button">
<kw name="Click Button" owner="SeleniumLibrary">
<msg time="2024-12-19T14:27:05.266175" level="INFO">Clicking button 'xpath=/html/body/div[2]/div/div/section/div/div[2]/form/div[4]/div/button'.</msg>
<arg>xpath=/html/body/div[2]/div/div/section/div/div[2]/form/div[4]/div/button</arg>
<doc>Clicks the button identified by ``locator``.</doc>
<status status="PASS" start="2024-12-19T14:27:05.266175" elapsed="0.072160"/>
</kw>
<status status="PASS" start="2024-12-19T14:27:05.265178" elapsed="0.073157"/>
</kw>
<kw name="Wait Until Element Is Visible" owner="SeleniumLibrary">
<arg>xpath=//*[@id="modalDynamicMessage"]</arg>
<arg>2s</arg>
<doc>Waits until the element ``locator`` is visible.</doc>
<status status="PASS" start="2024-12-19T14:27:05.338335" elapsed="0.255404"/>
</kw>
<kw name="Click Button" owner="SeleniumLibrary">
<msg time="2024-12-19T14:27:05.594736" level="INFO">Clicking button 'xpath=//*[@id="modalDynamicButton"]'.</msg>
<arg>xpath=//*[@id="modalDynamicButton"]</arg>
<doc>Clicks the button identified by ``locator``.</doc>
<status status="PASS" start="2024-12-19T14:27:05.593739" elapsed="0.188540"/>
</kw>
<kw name="Click Profile Menu">
<kw name="Click Element" owner="SeleniumLibrary">
<msg time="2024-12-19T14:27:05.783121" level="INFO">Clicking element 'xpath=//*[@id="profilePage"]/a'.</msg>
<arg>xpath=//*[@id="profilePage"]/a</arg>
<doc>Click the element identified by ``locator``.</doc>
<status status="PASS" start="2024-12-19T14:27:05.783121" elapsed="0.385698"/>
</kw>
<status status="PASS" start="2024-12-19T14:27:05.783121" elapsed="0.385698"/>
</kw>
<kw name="Change Password EPM">
<kw name="Click Button" owner="SeleniumLibrary">
<msg time="2024-12-19T14:27:06.168819" level="INFO">Clicking button 'xpath=/html/body/div/div/section/div/div[1]/div/div/div/button'.</msg>
<arg>xpath=/html/body/div/div/section/div/div[1]/div/div/div/button</arg>
<doc>Clicks the button identified by ``locator``.</doc>
<status status="PASS" start="2024-12-19T14:27:06.168819" elapsed="0.199683"/>
</kw>
<kw name="Wait Until Element Is Visible" owner="SeleniumLibrary">
<arg>xpath=//*[@id="changePassword"]/div/div</arg>
<doc>Waits until the element ``locator`` is visible.</doc>
<status status="PASS" start="2024-12-19T14:27:06.368502" elapsed="0.285059"/>
</kw>
<kw name="Input Password" owner="SeleniumLibrary">
<msg time="2024-12-19T14:27:06.653561" level="INFO">Typing password into text field 'xpath=//*[@id="OldPassword"]'.</msg>
<msg time="2024-12-19T14:27:06.707761" level="INFO">Temporally setting log level to: NONE</msg>
<arg>xpath=//*[@id="OldPassword"]</arg>
<arg>${old_password}</arg>
<doc>Types the given password into the text field identified by ``locator``.</doc>
<status status="PASS" start="2024-12-19T14:27:06.653561" elapsed="0.099783"/>
</kw>
<kw name="Input Password" owner="SeleniumLibrary">
<msg time="2024-12-19T14:27:06.753344" level="INFO">Typing password into text field 'xpath=//*[@id="NewPassword"]'.</msg>
<msg time="2024-12-19T14:27:06.785893" level="INFO">Temporally setting log level to: NONE</msg>
<arg>xpath=//*[@id="NewPassword"]</arg>
<arg>${new_password}</arg>
<doc>Types the given password into the text field identified by ``locator``.</doc>
<status status="PASS" start="2024-12-19T14:27:06.753344" elapsed="0.106565"/>
</kw>
<kw name="Input Password" owner="SeleniumLibrary">
<msg time="2024-12-19T14:27:06.860900" level="INFO">Typing password into text field 'xpath=//*[@id="ConfirmPassword"]'.</msg>
<msg time="2024-12-19T14:27:06.889597" level="INFO">Temporally setting log level to: NONE</msg>
<arg>xpath=//*[@id="ConfirmPassword"]</arg>
<arg>${confirm_password}</arg>
<doc>Types the given password into the text field identified by ``locator``.</doc>
<status status="PASS" start="2024-12-19T14:27:06.859909" elapsed="0.073229"/>
</kw>
<kw name="Click Button" owner="SeleniumLibrary">
<msg time="2024-12-19T14:27:06.933138" level="INFO">Clicking button 'xpath=//*[@id="btnSubmit"]'.</msg>
<arg>xpath=//*[@id="btnSubmit"]</arg>
<doc>Clicks the button identified by ``locator``.</doc>
<status status="PASS" start="2024-12-19T14:27:06.933138" elapsed="0.079011"/>
</kw>
<for flavor="IN">
<iter>
<kw name="Log" owner="BuiltIn">
<msg time="2024-12-19T14:27:07.013647" level="INFO">Processing message: Would you like to confirm and save the changes now?</msg>
<arg>Processing message: ${msgs}</arg>
<doc>Logs the given message with the given level.</doc>
<status status="PASS" start="2024-12-19T14:27:07.012149" elapsed="0.001498"/>
</kw>
<kw name="Wait Until Element Is Visible" owner="SeleniumLibrary">
<arg>xpath=//*[@id="modalDynamicConfirmContent"]</arg>
<doc>Waits until the element ``locator`` is visible.</doc>
<status status="PASS" start="2024-12-19T14:27:07.013647" elapsed="0.286576"/>
</kw>
<kw name="Get Text" owner="SeleniumLibrary">
<msg time="2024-12-19T14:27:07.342671" level="INFO">${modal_msg} = Would you like to confirm and save the changes now?</msg>
<var>${modal_msg}</var>
<arg>xpath=//*[@id="modalDynamicConfirmMessage"]</arg>
<doc>Returns the text value of the element identified by ``locator``.</doc>
<status status="PASS" start="2024-12-19T14:27:07.301233" elapsed="0.041438"/>
</kw>
<kw name="Sleep" owner="BuiltIn">
<msg time="2024-12-19T14:27:10.343259" level="INFO">Slept 3 seconds.</msg>
<arg>3s</arg>
<doc>Pauses the test executed for the given time.</doc>
<status status="PASS" start="2024-12-19T14:27:07.342671" elapsed="3.000588"/>
</kw>
<kw name="Log To Console" owner="BuiltIn">
<arg>Modal Message: ${modal_msg}</arg>
<doc>Logs the given message to the console.</doc>
<status status="PASS" start="2024-12-19T14:27:10.343259" elapsed="0.001135"/>
</kw>
<kw name="Should Be Equal" owner="BuiltIn">
<arg>${modal_msg}</arg>
<arg>${msgs}</arg>
<doc>Fails if the given objects are unequal.</doc>
<status status="PASS" start="2024-12-19T14:27:10.345429" elapsed="0.000000"/>
</kw>
<kw name="Click Button" owner="SeleniumLibrary">
<msg time="2024-12-19T14:27:10.346436" level="INFO">Clicking button 'xpath=//*[@id="modalDynamicConfirmButtonYes"]'.</msg>
<arg>xpath=//*[@id="modalDynamicConfirmButtonYes"]</arg>
<doc>Clicks the button identified by ``locator``.</doc>
<status status="PASS" start="2024-12-19T14:27:10.346436" elapsed="0.089945"/>
</kw>
<var name="${msgs}">Would you like to confirm and save the changes now?</var>
<status status="PASS" start="2024-12-19T14:27:07.012149" elapsed="3.424232"/>
</iter>
<iter>
<kw name="Log" owner="BuiltIn">
<msg time="2024-12-19T14:27:10.437239" level="INFO">Processing message: Your password has been successfully updated. Would you like to stay logged in or log out and sign in again with your new password?</msg>
<arg>Processing message: ${msgs}</arg>
<doc>Logs the given message with the given level.</doc>
<status status="PASS" start="2024-12-19T14:27:10.437200" elapsed="0.000039"/>
</kw>
<kw name="Wait Until Element Is Visible" owner="SeleniumLibrary">
<arg>xpath=//*[@id="modalDynamicConfirmContent"]</arg>
<doc>Waits until the element ``locator`` is visible.</doc>
<status status="PASS" start="2024-12-19T14:27:10.437451" elapsed="0.034128"/>
</kw>
<kw name="Get Text" owner="SeleniumLibrary">
<msg time="2024-12-19T14:27:10.506579" level="INFO">${modal_msg} = Your password has been successfully updated. Would you like to stay logged in or log out and sign in again with your new password?</msg>
<var>${modal_msg}</var>
<arg>xpath=//*[@id="modalDynamicConfirmMessage"]</arg>
<doc>Returns the text value of the element identified by ``locator``.</doc>
<status status="PASS" start="2024-12-19T14:27:10.471579" elapsed="0.035000"/>
</kw>
<kw name="Sleep" owner="BuiltIn">
<msg time="2024-12-19T14:27:13.508361" level="INFO">Slept 3 seconds.</msg>
<arg>3s</arg>
<doc>Pauses the test executed for the given time.</doc>
<status status="PASS" start="2024-12-19T14:27:10.506579" elapsed="3.001782"/>
</kw>
<kw name="Log To Console" owner="BuiltIn">
<arg>Modal Message: ${modal_msg}</arg>
<doc>Logs the given message to the console.</doc>
<status status="PASS" start="2024-12-19T14:27:13.508361" elapsed="0.000000"/>
</kw>
<kw name="Should Be Equal" owner="BuiltIn">
<arg>${modal_msg}</arg>
<arg>${msgs}</arg>
<doc>Fails if the given objects are unequal.</doc>
<status status="PASS" start="2024-12-19T14:27:13.508361" elapsed="0.000000"/>
</kw>
<kw name="Click Button" owner="SeleniumLibrary">
<msg time="2024-12-19T14:27:13.508361" level="INFO">Clicking button 'xpath=//*[@id="modalDynamicConfirmButtonYes"]'.</msg>
<arg>xpath=//*[@id="modalDynamicConfirmButtonYes"]</arg>
<doc>Clicks the button identified by ``locator``.</doc>
<status status="PASS" start="2024-12-19T14:27:13.508361" elapsed="0.576419"/>
</kw>
<var name="${msgs}">Your password has been successfully updated. Would you like to stay logged in or log out and sign in again with your new password?</var>
<status status="PASS" start="2024-12-19T14:27:10.436381" elapsed="3.648399"/>
</iter>
<var>${msgs}</var>
<value>@{messages}</value>
<status status="PASS" start="2024-12-19T14:27:07.012149" elapsed="7.072631"/>
</for>
<kw name="Sleep" owner="BuiltIn">
<msg time="2024-12-19T14:27:16.084864" level="INFO">Slept 2 seconds.</msg>
<arg>2</arg>
<doc>Pauses the test executed for the given time.</doc>
<status status="PASS" start="2024-12-19T14:27:14.084780" elapsed="2.000084"/>
</kw>
<arg>P@ssw0rd</arg>
<arg>P@ssw0rd1.</arg>
<arg>P@ssw0rd1.</arg>
<status status="PASS" start="2024-12-19T14:27:06.168819" elapsed="9.916045"/>
</kw>
<status status="PASS" start="2024-12-19T14:27:00.677064" elapsed="15.407800"/>
</branch>
<branch type="EXCEPT">
<pattern>Error</pattern>
<kw name="Fatal Error" owner="BuiltIn">
<doc>Stops the whole test execution.</doc>
<status status="NOT RUN" start="2024-12-19T14:27:16.084864" elapsed="0.000000"/>
</kw>
<status status="NOT RUN" start="2024-12-19T14:27:16.084864" elapsed="0.000000"/>
</branch>
<branch type="FINALLY">
<kw name="Sleep" owner="BuiltIn">
<msg time="2024-12-19T14:27:18.085814" level="INFO">Slept 2 seconds.</msg>
<arg>2</arg>
<doc>Pauses the test executed for the given time.</doc>
<status status="PASS" start="2024-12-19T14:27:16.084864" elapsed="2.000950"/>
</kw>
<kw name="Close Browser" owner="SeleniumLibrary">
<doc>Closes the current browser.</doc>
<status status="PASS" start="2024-12-19T14:27:18.085814" elapsed="2.294976"/>
</kw>
<status status="PASS" start="2024-12-19T14:27:16.084864" elapsed="4.295926"/>
</branch>
<status status="PASS" start="2024-12-19T14:27:00.677064" elapsed="19.703726"/>
</try>
<tag>EPM_SUPER_ADMIN_003</tag>
<status status="PASS" start="2024-12-19T14:27:00.677064" elapsed="19.704931"/>
</test>
<status status="PASS" start="2024-12-19T14:27:00.339284" elapsed="20.043764"/>
</suite>
<statistics>
<total>
<stat pass="1" fail="0" skip="0">All Tests</stat>
</total>
<tag>
<stat pass="1" fail="0" skip="0">EPM_SUPER_ADMIN_003</stat>
</tag>
<suite>
<stat pass="1" fail="0" skip="0" id="s1" name="superAdmin">superAdmin</stat>
</suite>
</statistics>
<errors>
</errors>
</robot>
