<?xml version="1.0" encoding="UTF-8"?>
<robot generator="Robot 7.1.1 (Python 3.12.6 on win32)" generated="2024-12-19T15:31:35.267411" rpa="false" schemaversion="5">
<suite id="s1" name="EPM FMD" source="C:\Users\ckcruz\Desktop\EPM Matters\Test Environment\epmtest\test\fmd\EPM_FMD.robot">
<test id="s1-t1" name="[EPM_FMD_003]" line="40">
<try>
<branch type="TRY">
<kw name="Open WebApp using Chrome" owner="EPM_Resource">
<kw name="Open Browser" owner="SeleniumLibrary">
<msg time="2024-12-19T15:31:35.677075" level="INFO">Opening browser 'Chrome' to base url 'https://172.31.32.64/registration_staging/'.</msg>
<arg>${baseURL}</arg>
<arg>${browserName}</arg>
<arg>options=add_argument("--ignore-certificate-errors")</arg>
<doc>Opens a new browser instance to the optional ``url``.</doc>
<status status="PASS" start="2024-12-19T15:31:35.677075" elapsed="4.701408"/>
</kw>
<kw name="Maximize Browser Window" owner="SeleniumLibrary">
<doc>Maximizes current browser window.</doc>
<status status="PASS" start="2024-12-19T15:31:40.378483" elapsed="0.037693"/>
</kw>
<status status="PASS" start="2024-12-19T15:31:35.676077" elapsed="4.741225"/>
</kw>
<kw name="InputValue" owner="EPM_Resource">
<kw name="Input Text" owner="SeleniumLibrary">
<msg time="2024-12-19T15:31:40.420234" level="INFO">Typing text '8481' into text field 'xpath=/html/body/div[2]/div/div/section/div/div[2]/form/div[1]/div/input[2]'.</msg>
<arg>xpath=/html/body/div[2]/div/div/section/div/div[2]/form/div[1]/div/input[2]</arg>
<arg>${username}</arg>
<doc>Types the given ``text`` into the text field identified by ``locator``.</doc>
<status status="PASS" start="2024-12-19T15:31:40.418300" elapsed="0.505106"/>
</kw>
<kw name="Input Password" owner="SeleniumLibrary">
<msg time="2024-12-19T15:31:40.923406" level="INFO">Typing password into text field 'xpath=/html/body/div[2]/div/div/section/div/div[2]/form/div[2]/input'.</msg>
<msg time="2024-12-19T15:31:41.013754" level="INFO">Temporally setting log level to: NONE</msg>
<arg>xpath=/html/body/div[2]/div/div/section/div/div[2]/form/div[2]/input</arg>
<arg>${password}</arg>
<doc>Types the given password into the text field identified by ``locator``.</doc>
<status status="PASS" start="2024-12-19T15:31:40.923406" elapsed="0.208653"/>
</kw>
<arg>username=${fmd_un}</arg>
<arg>password=${personnelPW}</arg>
<status status="PASS" start="2024-12-19T15:31:40.417302" elapsed="0.714757"/>
</kw>
<kw name="Click Login Button">
<kw name="Click Button" owner="SeleniumLibrary">
<msg time="2024-12-19T15:31:41.133059" level="INFO">Clicking button 'xpath=/html/body/div[2]/div/div/section/div/div[2]/form/div[4]/div/button'.</msg>
<arg>xpath=/html/body/div[2]/div/div/section/div/div[2]/form/div[4]/div/button</arg>
<doc>Clicks the button identified by ``locator``.</doc>
<status status="PASS" start="2024-12-19T15:31:41.133059" elapsed="0.217916"/>
</kw>
<status status="PASS" start="2024-12-19T15:31:41.133059" elapsed="0.217916"/>
</kw>
<kw name="Wait Until Element Is Visible" owner="SeleniumLibrary">
<arg>xpath=//*[@id="modalDynamicMessage"]</arg>
<arg>2s</arg>
<doc>Waits until the element ``locator`` is visible.</doc>
<status status="PASS" start="2024-12-19T15:31:41.350975" elapsed="0.296615"/>
</kw>
<kw name="Click Button" owner="SeleniumLibrary">
<msg time="2024-12-19T15:31:41.647590" level="INFO">Clicking button 'xpath=//*[@id="modalDynamicButton"]'.</msg>
<arg>xpath=//*[@id="modalDynamicButton"]</arg>
<doc>Clicks the button identified by ``locator``.</doc>
<status status="PASS" start="2024-12-19T15:31:41.647590" elapsed="0.273559"/>
</kw>
<kw name="Click Profile Menu">
<kw name="Click Element" owner="SeleniumLibrary">
<msg time="2024-12-19T15:31:41.923185" level="INFO">Clicking element 'xpath=//*[@id="profilePage"]'.</msg>
<arg>xpath=//*[@id="profilePage"]</arg>
<doc>Click the element identified by ``locator``.</doc>
<status status="PASS" start="2024-12-19T15:31:41.922145" elapsed="0.709031"/>
</kw>
<status status="PASS" start="2024-12-19T15:31:41.921149" elapsed="0.710027"/>
</kw>
<kw name="Change Password EPM">
<kw name="Click Button" owner="SeleniumLibrary">
<msg time="2024-12-19T15:31:42.633171" level="INFO">Clicking button 'xpath=/html/body/div/div/section/div/div[1]/div/div/div/button'.</msg>
<arg>xpath=/html/body/div/div/section/div/div[1]/div/div/div/button</arg>
<doc>Clicks the button identified by ``locator``.</doc>
<status status="PASS" start="2024-12-19T15:31:42.632174" elapsed="0.495781"/>
</kw>
<kw name="Wait Until Element Is Visible" owner="SeleniumLibrary">
<arg>xpath=//*[@id="changePassword"]/div/div</arg>
<doc>Waits until the element ``locator`` is visible.</doc>
<status status="PASS" start="2024-12-19T15:31:43.127955" elapsed="0.335511"/>
</kw>
<kw name="Input Password" owner="SeleniumLibrary">
<msg time="2024-12-19T15:31:43.465122" level="INFO">Typing password into text field 'xpath=//*[@id="OldPassword"]'.</msg>
<msg time="2024-12-19T15:31:43.600511" level="INFO">Temporally setting log level to: NONE</msg>
<arg>xpath=//*[@id="OldPassword"]</arg>
<arg>${old_password}</arg>
<doc>Types the given password into the text field identified by ``locator``.</doc>
<status status="PASS" start="2024-12-19T15:31:43.464299" elapsed="0.270140"/>
</kw>
<kw name="Input Password" owner="SeleniumLibrary">
<msg time="2024-12-19T15:31:43.735436" level="INFO">Typing password into text field 'xpath=//*[@id="NewPassword"]'.</msg>
<msg time="2024-12-19T15:31:43.796350" level="INFO">Temporally setting log level to: NONE</msg>
<arg>xpath=//*[@id="NewPassword"]</arg>
<arg>${new_password}</arg>
<doc>Types the given password into the text field identified by ``locator``.</doc>
<status status="PASS" start="2024-12-19T15:31:43.735436" elapsed="0.191417"/>
</kw>
<kw name="Input Password" owner="SeleniumLibrary">
<msg time="2024-12-19T15:31:43.926853" level="INFO">Typing password into text field 'xpath=//*[@id="ConfirmPassword"]'.</msg>
<msg time="2024-12-19T15:31:44.018875" level="INFO">Temporally setting log level to: NONE</msg>
<arg>xpath=//*[@id="ConfirmPassword"]</arg>
<arg>${confirm_password}</arg>
<doc>Types the given password into the text field identified by ``locator``.</doc>
<status status="PASS" start="2024-12-19T15:31:43.926853" elapsed="0.165674"/>
</kw>
<kw name="Click Button" owner="SeleniumLibrary">
<msg time="2024-12-19T15:31:44.092527" level="INFO">Clicking button 'xpath=//*[@id="btnSubmit"]'.</msg>
<arg>xpath=//*[@id="btnSubmit"]</arg>
<doc>Clicks the button identified by ``locator``.</doc>
<status status="PASS" start="2024-12-19T15:31:44.092527" elapsed="0.147917"/>
</kw>
<for flavor="IN">
<iter>
<kw name="Log" owner="BuiltIn">
<msg time="2024-12-19T15:31:44.242439" level="INFO">Processing message: Would you like to confirm and save the changes now?</msg>
<arg>Processing message: ${msgs}</arg>
<doc>Logs the given message with the given level.</doc>
<status status="PASS" start="2024-12-19T15:31:44.241442" elapsed="0.000997"/>
</kw>
<kw name="Wait Until Element Is Visible" owner="SeleniumLibrary">
<arg>xpath=//*[@id="modalDynamicConfirmContent"]</arg>
<doc>Waits until the element ``locator`` is visible.</doc>
<status status="PASS" start="2024-12-19T15:31:44.242439" elapsed="0.288677"/>
</kw>
<kw name="Get Text" owner="SeleniumLibrary">
<msg time="2024-12-19T15:31:44.586100" level="INFO">${modal_msg} = Would you like to confirm and save the changes now?</msg>
<var>${modal_msg}</var>
<arg>xpath=//*[@id="modalDynamicConfirmMessage"]</arg>
<doc>Returns the text value of the element identified by ``locator``.</doc>
<status status="PASS" start="2024-12-19T15:31:44.531340" elapsed="0.054760"/>
</kw>
<kw name="Sleep" owner="BuiltIn">
<msg time="2024-12-19T15:31:47.587934" level="INFO">Slept 3 seconds.</msg>
<arg>3s</arg>
<doc>Pauses the test executed for the given time.</doc>
<status status="PASS" start="2024-12-19T15:31:44.587098" elapsed="3.000836"/>
</kw>
<kw name="Log To Console" owner="BuiltIn">
<arg>Modal Message: ${modal_msg}</arg>
<doc>Logs the given message to the console.</doc>
<status status="PASS" start="2024-12-19T15:31:47.587934" elapsed="0.000998"/>
</kw>
<kw name="Should Be Equal" owner="BuiltIn">
<arg>${modal_msg}</arg>
<arg>${msgs}</arg>
<doc>Fails if the given objects are unequal.</doc>
<status status="PASS" start="2024-12-19T15:31:47.588932" elapsed="0.000000"/>
</kw>
<kw name="Click Button" owner="SeleniumLibrary">
<msg time="2024-12-19T15:31:47.588932" level="INFO">Clicking button 'xpath=//*[@id="modalDynamicConfirmButtonYes"]'.</msg>
<arg>xpath=//*[@id="modalDynamicConfirmButtonYes"]</arg>
<doc>Clicks the button identified by ``locator``.</doc>
<status status="PASS" start="2024-12-19T15:31:47.588932" elapsed="0.139731"/>
</kw>
<var name="${msgs}">Would you like to confirm and save the changes now?</var>
<status status="PASS" start="2024-12-19T15:31:44.241442" elapsed="3.487221"/>
</iter>
<iter>
<kw name="Log" owner="BuiltIn">
<msg time="2024-12-19T15:31:47.729661" level="INFO">Processing message: Your password has been successfully updated. Would you like to stay logged in or log out and sign in again with your new password?</msg>
<arg>Processing message: ${msgs}</arg>
<doc>Logs the given message with the given level.</doc>
<status status="PASS" start="2024-12-19T15:31:47.728663" elapsed="0.000998"/>
</kw>
<kw name="Wait Until Element Is Visible" owner="SeleniumLibrary">
<arg>xpath=//*[@id="modalDynamicConfirmContent"]</arg>
<doc>Waits until the element ``locator`` is visible.</doc>
<status status="PASS" start="2024-12-19T15:31:47.729661" elapsed="0.078426"/>
</kw>
<kw name="Get Text" owner="SeleniumLibrary">
<msg time="2024-12-19T15:31:47.862947" level="INFO">${modal_msg} = Your password has been successfully updated. Would you like to stay logged in or log out and sign in again with your new password?</msg>
<var>${modal_msg}</var>
<arg>xpath=//*[@id="modalDynamicConfirmMessage"]</arg>
<doc>Returns the text value of the element identified by ``locator``.</doc>
<status status="PASS" start="2024-12-19T15:31:47.808087" elapsed="0.054860"/>
</kw>
<kw name="Sleep" owner="BuiltIn">
<msg time="2024-12-19T15:31:50.864081" level="INFO">Slept 3 seconds.</msg>
<arg>3s</arg>
<doc>Pauses the test executed for the given time.</doc>
<status status="PASS" start="2024-12-19T15:31:47.863858" elapsed="3.000223"/>
</kw>
<kw name="Log To Console" owner="BuiltIn">
<arg>Modal Message: ${modal_msg}</arg>
<doc>Logs the given message to the console.</doc>
<status status="PASS" start="2024-12-19T15:31:50.864081" elapsed="0.001009"/>
</kw>
<kw name="Should Be Equal" owner="BuiltIn">
<arg>${modal_msg}</arg>
<arg>${msgs}</arg>
<doc>Fails if the given objects are unequal.</doc>
<status status="PASS" start="2024-12-19T15:31:50.865090" elapsed="0.000000"/>
</kw>
<kw name="Click Button" owner="SeleniumLibrary">
<msg time="2024-12-19T15:31:50.865090" level="INFO">Clicking button 'xpath=//*[@id="modalDynamicConfirmButtonYes"]'.</msg>
<arg>xpath=//*[@id="modalDynamicConfirmButtonYes"]</arg>
<doc>Clicks the button identified by ``locator``.</doc>
<status status="PASS" start="2024-12-19T15:31:50.865090" elapsed="0.868327"/>
</kw>
<var name="${msgs}">Your password has been successfully updated. Would you like to stay logged in or log out and sign in again with your new password?</var>
<status status="PASS" start="2024-12-19T15:31:47.728663" elapsed="4.004754"/>
</iter>
<var>${msgs}</var>
<value>@{messages}</value>
<status status="PASS" start="2024-12-19T15:31:44.240444" elapsed="7.492973"/>
</for>
<kw name="Sleep" owner="BuiltIn">
<msg time="2024-12-19T15:31:53.733888" level="INFO">Slept 2 seconds.</msg>
<arg>2</arg>
<doc>Pauses the test executed for the given time.</doc>
<status status="PASS" start="2024-12-19T15:31:51.733417" elapsed="2.000471"/>
</kw>
<arg>P@ssw0rd</arg>
<arg>P@ssw0rd1.</arg>
<arg>P@ssw0rd1.</arg>
<status status="PASS" start="2024-12-19T15:31:42.632174" elapsed="11.101714"/>
</kw>
<status status="PASS" start="2024-12-19T15:31:35.676077" elapsed="18.057811"/>
</branch>
<branch type="EXCEPT">
<pattern>Error</pattern>
<kw name="Fatal Error" owner="BuiltIn">
<doc>Stops the whole test execution.</doc>
<status status="NOT RUN" start="2024-12-19T15:31:53.733888" elapsed="0.000000"/>
</kw>
<status status="NOT RUN" start="2024-12-19T15:31:53.733888" elapsed="0.000000"/>
</branch>
<branch type="FINALLY">
<kw name="Sleep" owner="BuiltIn">
<msg time="2024-12-19T15:31:55.734527" level="INFO">Slept 2 seconds.</msg>
<arg>2</arg>
<doc>Pauses the test executed for the given time.</doc>
<status status="PASS" start="2024-12-19T15:31:53.733888" elapsed="2.000639"/>
</kw>
<kw name="Close Browser" owner="SeleniumLibrary">
<doc>Closes the current browser.</doc>
<status status="PASS" start="2024-12-19T15:31:55.734527" elapsed="2.379596"/>
</kw>
<status status="PASS" start="2024-12-19T15:31:53.733888" elapsed="4.380235"/>
</branch>
<status status="PASS" start="2024-12-19T15:31:35.676077" elapsed="22.438046"/>
</try>
<tag>EPM_FMD_003</tag>
<status status="PASS" start="2024-12-19T15:31:35.675081" elapsed="22.439582"/>
</test>
<status status="PASS" start="2024-12-19T15:31:35.269406" elapsed="22.847253"/>
</suite>
<statistics>
<total>
<stat pass="1" fail="0" skip="0">All Tests</stat>
</total>
<tag>
<stat pass="1" fail="0" skip="0">EPM_FMD_003</stat>
</tag>
<suite>
<stat pass="1" fail="0" skip="0" id="s1" name="EPM FMD">EPM FMD</stat>
</suite>
</statistics>
<errors>
</errors>
</robot>
