<?xml version="1.0" encoding="UTF-8"?>
<robot generator="Robot 7.1.1 (Python 3.12.6 on win32)" generated="2024-12-19T15:17:09.260093" rpa="false" schemaversion="5">
<suite id="s1" name="Personnel" source="C:\Users\ckcruz\Desktop\EPM Matters\Test Environment\epmtest\test\personnel\Personnel.robot">
<test id="s1-t1" name="[EPM_PERSONNEL_003]" line="47">
<try>
<branch type="TRY">
<kw name="Open WebApp using Chrome" owner="EPM_Resource">
<kw name="Open Browser" owner="SeleniumLibrary">
<msg time="2024-12-19T15:17:09.708916" level="INFO">Opening browser 'Chrome' to base url 'https://172.31.32.64/registration_staging/'.</msg>
<arg>${baseURL}</arg>
<arg>${browserName}</arg>
<arg>options=add_argument("--ignore-certificate-errors")</arg>
<doc>Opens a new browser instance to the optional ``url``.</doc>
<status status="PASS" start="2024-12-19T15:17:09.708916" elapsed="5.197699"/>
</kw>
<kw name="Maximize Browser Window" owner="SeleniumLibrary">
<doc>Maximizes current browser window.</doc>
<status status="PASS" start="2024-12-19T15:17:14.907612" elapsed="0.056099"/>
</kw>
<status status="PASS" start="2024-12-19T15:17:09.708916" elapsed="5.256011"/>
</kw>
<kw name="InputValue" owner="EPM_Resource">
<kw name="Input Text" owner="SeleniumLibrary">
<msg time="2024-12-19T15:17:14.968060" level="INFO">Typing text '8277' into text field 'xpath=/html/body/div[2]/div/div/section/div/div[2]/form/div[1]/div/input[2]'.</msg>
<arg>xpath=/html/body/div[2]/div/div/section/div/div[2]/form/div[1]/div/input[2]</arg>
<arg>${username}</arg>
<doc>Types the given ``text`` into the text field identified by ``locator``.</doc>
<status status="PASS" start="2024-12-19T15:17:14.966416" elapsed="0.504626"/>
</kw>
<kw name="Input Password" owner="SeleniumLibrary">
<msg time="2024-12-19T15:17:15.471042" level="INFO">Typing password into text field 'xpath=/html/body/div[2]/div/div/section/div/div[2]/form/div[2]/input'.</msg>
<msg time="2024-12-19T15:17:15.526438" level="INFO">Temporally setting log level to: NONE</msg>
<arg>xpath=/html/body/div[2]/div/div/section/div/div[2]/form/div[2]/input</arg>
<arg>${password}</arg>
<doc>Types the given password into the text field identified by ``locator``.</doc>
<status status="PASS" start="2024-12-19T15:17:15.471042" elapsed="0.147161"/>
</kw>
<arg>username=${sys_personnel_un}</arg>
<arg>password=${personnelPW}</arg>
<status status="PASS" start="2024-12-19T15:17:14.966416" elapsed="0.652622"/>
</kw>
<kw name="Click Login Button">
<kw name="Click Button" owner="SeleniumLibrary">
<msg time="2024-12-19T15:17:15.620031" level="INFO">Clicking button 'xpath=/html/body/div[2]/div/div/section/div/div[2]/form/div[4]/div/button'.</msg>
<arg>xpath=/html/body/div[2]/div/div/section/div/div[2]/form/div[4]/div/button</arg>
<doc>Clicks the button identified by ``locator``.</doc>
<status status="PASS" start="2024-12-19T15:17:15.619038" elapsed="0.159231"/>
</kw>
<status status="PASS" start="2024-12-19T15:17:15.619038" elapsed="0.159231"/>
</kw>
<kw name="Wait Until Element Is Visible" owner="SeleniumLibrary">
<arg>xpath=//*[@id="modalDynamicMessage"]</arg>
<arg>2s</arg>
<doc>Waits until the element ``locator`` is visible.</doc>
<status status="PASS" start="2024-12-19T15:17:15.778269" elapsed="0.325063"/>
</kw>
<kw name="Click Button" owner="SeleniumLibrary">
<msg time="2024-12-19T15:17:16.103332" level="INFO">Clicking button 'xpath=//*[@id="modalDynamicButton"]'.</msg>
<arg>xpath=//*[@id="modalDynamicButton"]</arg>
<doc>Clicks the button identified by ``locator``.</doc>
<status status="PASS" start="2024-12-19T15:17:16.103332" elapsed="0.439927"/>
</kw>
<kw name="Click Profile Menu">
<kw name="Click Element" owner="SeleniumLibrary">
<msg time="2024-12-19T15:17:16.544256" level="INFO">Clicking element 'xpath=//*[@id="profilePage"]/a'.</msg>
<arg>xpath=//*[@id="profilePage"]/a</arg>
<doc>Click the element identified by ``locator``.</doc>
<status status="PASS" start="2024-12-19T15:17:16.544256" elapsed="1.308415"/>
</kw>
<status status="PASS" start="2024-12-19T15:17:16.544256" elapsed="1.308415"/>
</kw>
<kw name="Change Password EPM">
<kw name="Click Button" owner="SeleniumLibrary">
<msg time="2024-12-19T15:17:17.853666" level="INFO">Clicking button 'xpath=/html/body/div/div/section/div/div[1]/div/div/div/button'.</msg>
<arg>xpath=/html/body/div/div/section/div/div[1]/div/div/div/button</arg>
<doc>Clicks the button identified by ``locator``.</doc>
<status status="PASS" start="2024-12-19T15:17:17.853666" elapsed="0.475880"/>
</kw>
<kw name="Wait Until Element Is Visible" owner="SeleniumLibrary">
<arg>xpath=//*[@id="changePassword"]/div/div</arg>
<doc>Waits until the element ``locator`` is visible.</doc>
<status status="PASS" start="2024-12-19T15:17:18.330544" elapsed="0.391629"/>
</kw>
<kw name="Input Password" owner="SeleniumLibrary">
<msg time="2024-12-19T15:17:18.723170" level="INFO">Typing password into text field 'xpath=//*[@id="OldPassword"]'.</msg>
<msg time="2024-12-19T15:17:18.838352" level="INFO">Temporally setting log level to: NONE</msg>
<arg>xpath=//*[@id="OldPassword"]</arg>
<arg>${old_password}</arg>
<doc>Types the given password into the text field identified by ``locator``.</doc>
<status status="PASS" start="2024-12-19T15:17:18.723170" elapsed="0.227726"/>
</kw>
<kw name="Input Password" owner="SeleniumLibrary">
<msg time="2024-12-19T15:17:18.950896" level="INFO">Typing password into text field 'xpath=//*[@id="NewPassword"]'.</msg>
<msg time="2024-12-19T15:17:19.006910" level="INFO">Temporally setting log level to: NONE</msg>
<arg>xpath=//*[@id="NewPassword"]</arg>
<arg>${new_password}</arg>
<doc>Types the given password into the text field identified by ``locator``.</doc>
<status status="PASS" start="2024-12-19T15:17:18.950896" elapsed="0.182870"/>
</kw>
<kw name="Input Password" owner="SeleniumLibrary">
<msg time="2024-12-19T15:17:19.134764" level="INFO">Typing password into text field 'xpath=//*[@id="ConfirmPassword"]'.</msg>
<msg time="2024-12-19T15:17:19.190346" level="INFO">Temporally setting log level to: NONE</msg>
<arg>xpath=//*[@id="ConfirmPassword"]</arg>
<arg>${confirm_password}</arg>
<doc>Types the given password into the text field identified by ``locator``.</doc>
<status status="PASS" start="2024-12-19T15:17:19.134114" elapsed="0.193166"/>
</kw>
<kw name="Click Button" owner="SeleniumLibrary">
<msg time="2024-12-19T15:17:19.327757" level="INFO">Clicking button 'xpath=//*[@id="btnSubmit"]'.</msg>
<arg>xpath=//*[@id="btnSubmit"]</arg>
<doc>Clicks the button identified by ``locator``.</doc>
<status status="PASS" start="2024-12-19T15:17:19.327280" elapsed="0.173205"/>
</kw>
<for flavor="IN">
<iter>
<kw name="Log" owner="BuiltIn">
<msg time="2024-12-19T15:17:19.501481" level="INFO">Processing message: Would you like to confirm and save the changes now?</msg>
<arg>Processing message: ${msgs}</arg>
<doc>Logs the given message with the given level.</doc>
<status status="PASS" start="2024-12-19T15:17:19.501481" elapsed="0.000000"/>
</kw>
<kw name="Wait Until Element Is Visible" owner="SeleniumLibrary">
<arg>xpath=//*[@id="modalDynamicConfirmContent"]</arg>
<doc>Waits until the element ``locator`` is visible.</doc>
<status status="PASS" start="2024-12-19T15:17:19.501481" elapsed="0.359275"/>
</kw>
<kw name="Get Text" owner="SeleniumLibrary">
<msg time="2024-12-19T15:17:19.967756" level="INFO">${modal_msg} = Would you like to confirm and save the changes now?</msg>
<var>${modal_msg}</var>
<arg>xpath=//*[@id="modalDynamicConfirmMessage"]</arg>
<doc>Returns the text value of the element identified by ``locator``.</doc>
<status status="PASS" start="2024-12-19T15:17:19.861751" elapsed="0.107055"/>
</kw>
<kw name="Sleep" owner="BuiltIn">
<msg time="2024-12-19T15:17:22.969321" level="INFO">Slept 3 seconds.</msg>
<arg>3s</arg>
<doc>Pauses the test executed for the given time.</doc>
<status status="PASS" start="2024-12-19T15:17:19.968806" elapsed="3.000515"/>
</kw>
<kw name="Log To Console" owner="BuiltIn">
<arg>Modal Message: ${modal_msg}</arg>
<doc>Logs the given message to the console.</doc>
<status status="PASS" start="2024-12-19T15:17:22.969321" elapsed="0.000000"/>
</kw>
<kw name="Should Be Equal" owner="BuiltIn">
<arg>${modal_msg}</arg>
<arg>${msgs}</arg>
<doc>Fails if the given objects are unequal.</doc>
<status status="PASS" start="2024-12-19T15:17:22.969321" elapsed="0.000000"/>
</kw>
<kw name="Click Button" owner="SeleniumLibrary">
<msg time="2024-12-19T15:17:22.969321" level="INFO">Clicking button 'xpath=//*[@id="modalDynamicConfirmButtonYes"]'.</msg>
<arg>xpath=//*[@id="modalDynamicConfirmButtonYes"]</arg>
<doc>Clicks the button identified by ``locator``.</doc>
<status status="PASS" start="2024-12-19T15:17:22.969321" elapsed="0.168449"/>
</kw>
<var name="${msgs}">Would you like to confirm and save the changes now?</var>
<status status="PASS" start="2024-12-19T15:17:19.501481" elapsed="3.636289"/>
</iter>
<iter>
<kw name="Log" owner="BuiltIn">
<msg time="2024-12-19T15:17:23.138071" level="INFO">Processing message: Your password has been successfully updated. Would you like to stay logged in or log out and sign in again with your new password?</msg>
<arg>Processing message: ${msgs}</arg>
<doc>Logs the given message with the given level.</doc>
<status status="PASS" start="2024-12-19T15:17:23.138071" elapsed="0.000000"/>
</kw>
<kw name="Wait Until Element Is Visible" owner="SeleniumLibrary">
<arg>xpath=//*[@id="modalDynamicConfirmContent"]</arg>
<doc>Waits until the element ``locator`` is visible.</doc>
<status status="PASS" start="2024-12-19T15:17:23.139102" elapsed="0.068096"/>
</kw>
<kw name="Get Text" owner="SeleniumLibrary">
<msg time="2024-12-19T15:17:23.267239" level="INFO">${modal_msg} = Your password has been successfully updated. Would you like to stay logged in or log out and sign in again with your new password?</msg>
<var>${modal_msg}</var>
<arg>xpath=//*[@id="modalDynamicConfirmMessage"]</arg>
<doc>Returns the text value of the element identified by ``locator``.</doc>
<status status="PASS" start="2024-12-19T15:17:23.207198" elapsed="0.060041"/>
</kw>
<kw name="Sleep" owner="BuiltIn">
<msg time="2024-12-19T15:17:26.267569" level="INFO">Slept 3 seconds.</msg>
<arg>3s</arg>
<doc>Pauses the test executed for the given time.</doc>
<status status="PASS" start="2024-12-19T15:17:23.267239" elapsed="3.000330"/>
</kw>
<kw name="Log To Console" owner="BuiltIn">
<arg>Modal Message: ${modal_msg}</arg>
<doc>Logs the given message to the console.</doc>
<status status="PASS" start="2024-12-19T15:17:26.267569" elapsed="0.000000"/>
</kw>
<kw name="Should Be Equal" owner="BuiltIn">
<arg>${modal_msg}</arg>
<arg>${msgs}</arg>
<doc>Fails if the given objects are unequal.</doc>
<status status="PASS" start="2024-12-19T15:17:26.267569" elapsed="0.000000"/>
</kw>
<kw name="Click Button" owner="SeleniumLibrary">
<msg time="2024-12-19T15:17:26.267569" level="INFO">Clicking button 'xpath=//*[@id="modalDynamicConfirmButtonYes"]'.</msg>
<arg>xpath=//*[@id="modalDynamicConfirmButtonYes"]</arg>
<doc>Clicks the button identified by ``locator``.</doc>
<status status="PASS" start="2024-12-19T15:17:26.267569" elapsed="0.844886"/>
</kw>
<var name="${msgs}">Your password has been successfully updated. Would you like to stay logged in or log out and sign in again with your new password?</var>
<status status="PASS" start="2024-12-19T15:17:23.138071" elapsed="3.974384"/>
</iter>
<var>${msgs}</var>
<value>@{messages}</value>
<status status="PASS" start="2024-12-19T15:17:19.500485" elapsed="7.611970"/>
</for>
<kw name="Sleep" owner="BuiltIn">
<msg time="2024-12-19T15:17:29.113142" level="INFO">Slept 2 seconds.</msg>
<arg>2</arg>
<doc>Pauses the test executed for the given time.</doc>
<status status="PASS" start="2024-12-19T15:17:27.112455" elapsed="2.000687"/>
</kw>
<arg>P@ssw0rd</arg>
<arg>P@ssw0rd1.</arg>
<arg>P@ssw0rd1.</arg>
<status status="PASS" start="2024-12-19T15:17:17.853666" elapsed="11.259476"/>
</kw>
<status status="PASS" start="2024-12-19T15:17:09.707878" elapsed="19.405264"/>
</branch>
<branch type="EXCEPT">
<pattern>Error</pattern>
<kw name="Fatal Error" owner="BuiltIn">
<doc>Stops the whole test execution.</doc>
<status status="NOT RUN" start="2024-12-19T15:17:29.114141" elapsed="0.000000"/>
</kw>
<status status="NOT RUN" start="2024-12-19T15:17:29.113142" elapsed="0.000999"/>
</branch>
<branch type="FINALLY">
<kw name="Sleep" owner="BuiltIn">
<msg time="2024-12-19T15:17:31.114293" level="INFO">Slept 2 seconds.</msg>
<arg>2</arg>
<doc>Pauses the test executed for the given time.</doc>
<status status="PASS" start="2024-12-19T15:17:29.114141" elapsed="2.000152"/>
</kw>
<kw name="Close Browser" owner="SeleniumLibrary">
<doc>Closes the current browser.</doc>
<status status="PASS" start="2024-12-19T15:17:31.114293" elapsed="4.215804"/>
</kw>
<status status="PASS" start="2024-12-19T15:17:29.114141" elapsed="6.215956"/>
</branch>
<status status="PASS" start="2024-12-19T15:17:09.707878" elapsed="25.622219"/>
</try>
<tag>EPM_PERSONNEL_003</tag>
<status status="PASS" start="2024-12-19T15:17:09.707878" elapsed="25.623208"/>
</test>
<status status="PASS" start="2024-12-19T15:17:09.262717" elapsed="26.070409"/>
</suite>
<statistics>
<total>
<stat pass="1" fail="0" skip="0">All Tests</stat>
</total>
<tag>
<stat pass="1" fail="0" skip="0">EPM_PERSONNEL_003</stat>
</tag>
<suite>
<stat pass="1" fail="0" skip="0" id="s1" name="Personnel">Personnel</stat>
</suite>
</statistics>
<errors>
</errors>
</robot>
