<?xml version="1.0" encoding="UTF-8"?>
<robot generator="Robot 7.1.1 (Python 3.12.6 on win32)" generated="2024-12-19T15:27:41.993067" rpa="false" schemaversion="5">
<suite id="s1" name="User" source="C:\Users\ckcruz\Desktop\EPM Matters\Test Environment\epmtest\test\user\user.robot">
<test id="s1-t1" name="[EPM_USER_003]" line="39">
<try>
<branch type="TRY">
<kw name="Open WebApp using Chrome" owner="EPM_Resource">
<kw name="Open Browser" owner="SeleniumLibrary">
<msg time="2024-12-19T15:27:42.451456" level="INFO">Opening browser 'Chrome' to base url 'https://172.31.32.64/registration_staging/'.</msg>
<arg>${baseURL}</arg>
<arg>${browserName}</arg>
<arg>options=add_argument("--ignore-certificate-errors")</arg>
<doc>Opens a new browser instance to the optional ``url``.</doc>
<status status="PASS" start="2024-12-19T15:27:42.451456" elapsed="5.435607"/>
</kw>
<kw name="Maximize Browser Window" owner="SeleniumLibrary">
<doc>Maximizes current browser window.</doc>
<status status="PASS" start="2024-12-19T15:27:47.888060" elapsed="0.029045"/>
</kw>
<status status="PASS" start="2024-12-19T15:27:42.450457" elapsed="5.466648"/>
</kw>
<kw name="InputValue" owner="EPM_Resource">
<kw name="Input Text" owner="SeleniumLibrary">
<msg time="2024-12-19T15:27:47.918906" level="INFO">Typing text '12453' into text field 'xpath=/html/body/div[2]/div/div/section/div/div[2]/form/div[1]/div/input[2]'.</msg>
<arg>xpath=/html/body/div[2]/div/div/section/div/div[2]/form/div[1]/div/input[2]</arg>
<arg>${username}</arg>
<doc>Types the given ``text`` into the text field identified by ``locator``.</doc>
<status status="PASS" start="2024-12-19T15:27:47.917910" elapsed="0.320051"/>
</kw>
<kw name="Input Password" owner="SeleniumLibrary">
<msg time="2024-12-19T15:27:48.237961" level="INFO">Typing password into text field 'xpath=/html/body/div[2]/div/div/section/div/div[2]/form/div[2]/input'.</msg>
<msg time="2024-12-19T15:27:48.442875" level="INFO">Temporally setting log level to: NONE</msg>
<arg>xpath=/html/body/div[2]/div/div/section/div/div[2]/form/div[2]/input</arg>
<arg>${password}</arg>
<doc>Types the given password into the text field identified by ``locator``.</doc>
<status status="PASS" start="2024-12-19T15:27:48.237961" elapsed="0.276354"/>
</kw>
<arg>username=${user_un}</arg>
<arg>password=${personnelPW}</arg>
<status status="PASS" start="2024-12-19T15:27:47.917105" elapsed="0.597210"/>
</kw>
<kw name="Click Login Button">
<kw name="Click Button" owner="SeleniumLibrary">
<msg time="2024-12-19T15:27:48.515489" level="INFO">Clicking button 'xpath=/html/body/div[2]/div/div/section/div/div[2]/form/div[4]/div/button'.</msg>
<arg>xpath=/html/body/div[2]/div/div/section/div/div[2]/form/div[4]/div/button</arg>
<doc>Clicks the button identified by ``locator``.</doc>
<status status="PASS" start="2024-12-19T15:27:48.515314" elapsed="0.180227"/>
</kw>
<status status="PASS" start="2024-12-19T15:27:48.514315" elapsed="0.181226"/>
</kw>
<kw name="Wait Until Element Is Visible" owner="SeleniumLibrary">
<arg>xpath=//*[@id="modalDynamicMessage"]</arg>
<arg>2s</arg>
<doc>Waits until the element ``locator`` is visible.</doc>
<status status="PASS" start="2024-12-19T15:27:48.696861" elapsed="0.324205"/>
</kw>
<kw name="Click Button" owner="SeleniumLibrary">
<msg time="2024-12-19T15:27:49.023060" level="INFO">Clicking button 'xpath=//*[@id="modalDynamicButton"]'.</msg>
<arg>xpath=//*[@id="modalDynamicButton"]</arg>
<doc>Clicks the button identified by ``locator``.</doc>
<status status="PASS" start="2024-12-19T15:27:49.022063" elapsed="0.393200"/>
</kw>
<kw name="Click Profile Menu">
<kw name="Click Element" owner="SeleniumLibrary">
<msg time="2024-12-19T15:27:49.416259" level="INFO">Clicking element 'xpath=//*[@id="profilePage"]/a'.</msg>
<arg>xpath=//*[@id="profilePage"]/a</arg>
<doc>Click the element identified by ``locator``.</doc>
<status status="PASS" start="2024-12-19T15:27:49.416259" elapsed="0.556045"/>
</kw>
<status status="PASS" start="2024-12-19T15:27:49.416259" elapsed="0.556045"/>
</kw>
<kw name="Change Password EPM">
<kw name="Click Button" owner="SeleniumLibrary">
<msg time="2024-12-19T15:27:49.973471" level="INFO">Clicking button 'xpath=/html/body/div/div/section/div/div[1]/div/div/div/button'.</msg>
<arg>xpath=/html/body/div/div/section/div/div[1]/div/div/div/button</arg>
<doc>Clicks the button identified by ``locator``.</doc>
<status status="PASS" start="2024-12-19T15:27:49.973471" elapsed="0.624738"/>
</kw>
<kw name="Wait Until Element Is Visible" owner="SeleniumLibrary">
<arg>xpath=//*[@id="changePassword"]/div/div</arg>
<doc>Waits until the element ``locator`` is visible.</doc>
<status status="PASS" start="2024-12-19T15:27:50.598209" elapsed="0.064937"/>
</kw>
<kw name="Input Password" owner="SeleniumLibrary">
<msg time="2024-12-19T15:27:50.663146" level="INFO">Typing password into text field 'xpath=//*[@id="OldPassword"]'.</msg>
<msg time="2024-12-19T15:27:50.782900" level="INFO">Temporally setting log level to: NONE</msg>
<arg>xpath=//*[@id="OldPassword"]</arg>
<arg>${old_password}</arg>
<doc>Types the given password into the text field identified by ``locator``.</doc>
<status status="PASS" start="2024-12-19T15:27:50.663146" elapsed="0.263300"/>
</kw>
<kw name="Input Password" owner="SeleniumLibrary">
<msg time="2024-12-19T15:27:50.926446" level="INFO">Typing password into text field 'xpath=//*[@id="NewPassword"]'.</msg>
<msg time="2024-12-19T15:27:50.997454" level="INFO">Temporally setting log level to: NONE</msg>
<arg>xpath=//*[@id="NewPassword"]</arg>
<arg>${new_password}</arg>
<doc>Types the given password into the text field identified by ``locator``.</doc>
<status status="PASS" start="2024-12-19T15:27:50.926446" elapsed="0.250082"/>
</kw>
<kw name="Input Password" owner="SeleniumLibrary">
<msg time="2024-12-19T15:27:51.176965" level="INFO">Typing password into text field 'xpath=//*[@id="ConfirmPassword"]'.</msg>
<msg time="2024-12-19T15:27:51.267830" level="INFO">Temporally setting log level to: NONE</msg>
<arg>xpath=//*[@id="ConfirmPassword"]</arg>
<arg>${confirm_password}</arg>
<doc>Types the given password into the text field identified by ``locator``.</doc>
<status status="PASS" start="2024-12-19T15:27:51.176965" elapsed="0.180241"/>
</kw>
<kw name="Click Button" owner="SeleniumLibrary">
<msg time="2024-12-19T15:27:51.357527" level="INFO">Clicking button 'xpath=//*[@id="btnSubmit"]'.</msg>
<arg>xpath=//*[@id="btnSubmit"]</arg>
<doc>Clicks the button identified by ``locator``.</doc>
<status status="PASS" start="2024-12-19T15:27:51.357206" elapsed="0.167555"/>
</kw>
<for flavor="IN">
<iter>
<kw name="Log" owner="BuiltIn">
<msg time="2024-12-19T15:27:51.525878" level="INFO">Processing message: Would you like to confirm and save the changes now?</msg>
<arg>Processing message: ${msgs}</arg>
<doc>Logs the given message with the given level.</doc>
<status status="PASS" start="2024-12-19T15:27:51.524761" elapsed="0.001117"/>
</kw>
<kw name="Wait Until Element Is Visible" owner="SeleniumLibrary">
<arg>xpath=//*[@id="modalDynamicConfirmContent"]</arg>
<doc>Waits until the element ``locator`` is visible.</doc>
<status status="PASS" start="2024-12-19T15:27:51.525878" elapsed="0.325579"/>
</kw>
<kw name="Get Text" owner="SeleniumLibrary">
<msg time="2024-12-19T15:27:51.944802" level="INFO">${modal_msg} = Would you like to confirm and save the changes now?</msg>
<var>${modal_msg}</var>
<arg>xpath=//*[@id="modalDynamicConfirmMessage"]</arg>
<doc>Returns the text value of the element identified by ``locator``.</doc>
<status status="PASS" start="2024-12-19T15:27:51.851457" elapsed="0.093345"/>
</kw>
<kw name="Sleep" owner="BuiltIn">
<msg time="2024-12-19T15:27:54.944946" level="INFO">Slept 3 seconds.</msg>
<arg>3s</arg>
<doc>Pauses the test executed for the given time.</doc>
<status status="PASS" start="2024-12-19T15:27:51.944802" elapsed="3.000144"/>
</kw>
<kw name="Log To Console" owner="BuiltIn">
<arg>Modal Message: ${modal_msg}</arg>
<doc>Logs the given message to the console.</doc>
<status status="PASS" start="2024-12-19T15:27:54.944946" elapsed="0.001038"/>
</kw>
<kw name="Should Be Equal" owner="BuiltIn">
<arg>${modal_msg}</arg>
<arg>${msgs}</arg>
<doc>Fails if the given objects are unequal.</doc>
<status status="PASS" start="2024-12-19T15:27:54.946866" elapsed="0.000000"/>
</kw>
<kw name="Click Button" owner="SeleniumLibrary">
<msg time="2024-12-19T15:27:54.947911" level="INFO">Clicking button 'xpath=//*[@id="modalDynamicConfirmButtonYes"]'.</msg>
<arg>xpath=//*[@id="modalDynamicConfirmButtonYes"]</arg>
<doc>Clicks the button identified by ``locator``.</doc>
<status status="PASS" start="2024-12-19T15:27:54.946866" elapsed="0.160807"/>
</kw>
<var name="${msgs}">Would you like to confirm and save the changes now?</var>
<status status="PASS" start="2024-12-19T15:27:51.524761" elapsed="3.582912"/>
</iter>
<iter>
<kw name="Log" owner="BuiltIn">
<msg time="2024-12-19T15:27:55.108671" level="INFO">Processing message: Your password has been successfully updated. Would you like to stay logged in or log out and sign in again with your new password?</msg>
<arg>Processing message: ${msgs}</arg>
<doc>Logs the given message with the given level.</doc>
<status status="PASS" start="2024-12-19T15:27:55.107673" elapsed="0.000998"/>
</kw>
<kw name="Wait Until Element Is Visible" owner="SeleniumLibrary">
<arg>xpath=//*[@id="modalDynamicConfirmContent"]</arg>
<doc>Waits until the element ``locator`` is visible.</doc>
<status status="PASS" start="2024-12-19T15:27:55.109668" elapsed="0.069072"/>
</kw>
<kw name="Get Text" owner="SeleniumLibrary">
<msg time="2024-12-19T15:27:55.246337" level="INFO">${modal_msg} = Your password has been successfully updated. Would you like to stay logged in or log out and sign in again with your new password?</msg>
<var>${modal_msg}</var>
<arg>xpath=//*[@id="modalDynamicConfirmMessage"]</arg>
<doc>Returns the text value of the element identified by ``locator``.</doc>
<status status="PASS" start="2024-12-19T15:27:55.179738" elapsed="0.066599"/>
</kw>
<kw name="Sleep" owner="BuiltIn">
<msg time="2024-12-19T15:27:58.247409" level="INFO">Slept 3 seconds.</msg>
<arg>3s</arg>
<doc>Pauses the test executed for the given time.</doc>
<status status="PASS" start="2024-12-19T15:27:55.246337" elapsed="3.001072"/>
</kw>
<kw name="Log To Console" owner="BuiltIn">
<arg>Modal Message: ${modal_msg}</arg>
<doc>Logs the given message to the console.</doc>
<status status="PASS" start="2024-12-19T15:27:58.247409" elapsed="0.000000"/>
</kw>
<kw name="Should Be Equal" owner="BuiltIn">
<arg>${modal_msg}</arg>
<arg>${msgs}</arg>
<doc>Fails if the given objects are unequal.</doc>
<status status="PASS" start="2024-12-19T15:27:58.247409" elapsed="0.002774"/>
</kw>
<kw name="Click Button" owner="SeleniumLibrary">
<msg time="2024-12-19T15:27:58.250183" level="INFO">Clicking button 'xpath=//*[@id="modalDynamicConfirmButtonYes"]'.</msg>
<arg>xpath=//*[@id="modalDynamicConfirmButtonYes"]</arg>
<doc>Clicks the button identified by ``locator``.</doc>
<status status="PASS" start="2024-12-19T15:27:58.250183" elapsed="0.807096"/>
</kw>
<var name="${msgs}">Your password has been successfully updated. Would you like to stay logged in or log out and sign in again with your new password?</var>
<status status="PASS" start="2024-12-19T15:27:55.107673" elapsed="3.949606"/>
</iter>
<var>${msgs}</var>
<value>@{messages}</value>
<status status="PASS" start="2024-12-19T15:27:51.524761" elapsed="7.532518"/>
</for>
<kw name="Sleep" owner="BuiltIn">
<msg time="2024-12-19T15:28:01.058659" level="INFO">Slept 2 seconds.</msg>
<arg>2</arg>
<doc>Pauses the test executed for the given time.</doc>
<status status="PASS" start="2024-12-19T15:27:59.058276" elapsed="2.000383"/>
</kw>
<arg>P@ssw0rd</arg>
<arg>P@ssw0rd1.</arg>
<arg>P@ssw0rd1.</arg>
<status status="PASS" start="2024-12-19T15:27:49.972304" elapsed="11.086355"/>
</kw>
<status status="PASS" start="2024-12-19T15:27:42.449425" elapsed="18.609234"/>
</branch>
<branch type="EXCEPT">
<pattern>Error</pattern>
<kw name="Fatal Error" owner="BuiltIn">
<doc>Stops the whole test execution.</doc>
<status status="NOT RUN" start="2024-12-19T15:28:01.059656" elapsed="0.000000"/>
</kw>
<status status="NOT RUN" start="2024-12-19T15:28:01.058659" elapsed="0.000997"/>
</branch>
<branch type="FINALLY">
<kw name="Sleep" owner="BuiltIn">
<msg time="2024-12-19T15:28:03.059925" level="INFO">Slept 2 seconds.</msg>
<arg>2</arg>
<doc>Pauses the test executed for the given time.</doc>
<status status="PASS" start="2024-12-19T15:28:01.059656" elapsed="2.000269"/>
</kw>
<kw name="Close Browser" owner="SeleniumLibrary">
<doc>Closes the current browser.</doc>
<status status="PASS" start="2024-12-19T15:28:03.059925" elapsed="2.353083"/>
</kw>
<status status="PASS" start="2024-12-19T15:28:01.059656" elapsed="4.353352"/>
</branch>
<status status="PASS" start="2024-12-19T15:27:42.449425" elapsed="22.963583"/>
</try>
<tag>EPM_USER_003</tag>
<status status="PASS" start="2024-12-19T15:27:42.449425" elapsed="22.964710"/>
</test>
<status status="PASS" start="2024-12-19T15:27:41.996488" elapsed="23.420681"/>
</suite>
<statistics>
<total>
<stat pass="1" fail="0" skip="0">All Tests</stat>
</total>
<tag>
<stat pass="1" fail="0" skip="0">EPM_USER_003</stat>
</tag>
<suite>
<stat pass="1" fail="0" skip="0" id="s1" name="User">User</stat>
</suite>
</statistics>
<errors>
</errors>
</robot>
