<?xml version="1.0" encoding="UTF-8"?>
<robot generator="Robot 7.1.1 (Python 3.12.6 on win32)" generated="2024-11-27T07:49:12.463275" rpa="false" schemaversion="5">
<suite id="s1" name="EPMLogin" source="C:\Users\ckcruz\Desktop\EPM Matters\Test Environment\epmtest\test\login\EPMLogin.robot">
<test id="s1-t1" name="[EPM_LOGIN_001]" line="6">
<try>
<branch type="TRY">
<kw name="Open WebApp using Chrome" owner="EPM_Resource">
<kw name="Open Browser" owner="SeleniumLibrary">
<msg time="2024-11-27T07:49:12.932004" level="INFO">Opening browser 'Chrome' to base url 'https://172.31.32.64/registration_pilot/'.</msg>
<arg>${baseURL}</arg>
<arg>${browserName}</arg>
<arg>options=add_argument("--ignore-certificate-errors")</arg>
<doc>Opens a new browser instance to the optional ``url``.</doc>
<status status="PASS" start="2024-11-27T07:49:12.932004" elapsed="5.025709"/>
</kw>
<kw name="Maximize Browser Window" owner="SeleniumLibrary">
<doc>Maximizes current browser window.</doc>
<status status="PASS" start="2024-11-27T07:49:17.958709" elapsed="0.048185"/>
</kw>
<status status="PASS" start="2024-11-27T07:49:12.932004" elapsed="5.074890"/>
</kw>
<kw name="InputValue" owner="EPM_Resource">
<kw name="Input Text" owner="SeleniumLibrary">
<msg time="2024-11-27T07:49:18.008888" level="INFO">Typing text '12456' into text field 'xpath=/html/body/div[2]/div/div/section/div/div[2]/form/div[1]/div/input[2]'.</msg>
<arg>xpath=/html/body/div[2]/div/div/section/div/div[2]/form/div[1]/div/input[2]</arg>
<arg>${username}</arg>
<doc>Types the given ``text`` into the text field identified by ``locator``.</doc>
<status status="PASS" start="2024-11-27T07:49:18.007891" elapsed="0.467401"/>
</kw>
<kw name="Input Password" owner="SeleniumLibrary">
<msg time="2024-11-27T07:49:18.476292" level="INFO">Typing password into text field 'xpath=/html/body/div[2]/div/div/section/div/div[2]/form/div[2]/input'.</msg>
<msg time="2024-11-27T07:49:18.549563" level="INFO">Temporally setting log level to: NONE</msg>
<arg>xpath=/html/body/div[2]/div/div/section/div/div[2]/form/div[2]/input</arg>
<arg>${password}</arg>
<doc>Types the given password into the text field identified by ``locator``.</doc>
<status status="PASS" start="2024-11-27T07:49:18.476292" elapsed="0.163155"/>
</kw>
<arg>${personnelUN}</arg>
<arg>${personnelPW}</arg>
<status status="PASS" start="2024-11-27T07:49:18.007891" elapsed="0.631556"/>
</kw>
<kw name="Click Login Button">
<kw name="Click Button" owner="SeleniumLibrary">
<msg time="2024-11-27T07:49:18.640631" level="INFO">Clicking button 'xpath=/html/body/div[2]/div/div/section/div/div[2]/form/div[4]/div/button'.</msg>
<arg>xpath=/html/body/div[2]/div/div/section/div/div[2]/form/div[4]/div/button</arg>
<doc>Clicks the button identified by ``locator``.</doc>
<status status="PASS" start="2024-11-27T07:49:18.640444" elapsed="0.214383"/>
</kw>
<status status="PASS" start="2024-11-27T07:49:18.639447" elapsed="0.215380"/>
</kw>
<kw name="Sleep" owner="BuiltIn">
<msg time="2024-11-27T07:49:20.857482" level="INFO">Slept 2 seconds.</msg>
<arg>2</arg>
<doc>Pauses the test executed for the given time.</doc>
<status status="PASS" start="2024-11-27T07:49:18.855846" elapsed="2.001636"/>
</kw>
<status status="PASS" start="2024-11-27T07:49:12.930971" elapsed="7.926511"/>
</branch>
<branch type="EXCEPT">
<pattern>Error</pattern>
<kw name="Fatal Error" owner="BuiltIn">
<doc>Stops the whole test execution.</doc>
<status status="NOT RUN" start="2024-11-27T07:49:20.858238" elapsed="0.000000"/>
</kw>
<status status="NOT RUN" start="2024-11-27T07:49:20.858238" elapsed="0.000000"/>
</branch>
<branch type="FINALLY">
<kw name="Close Browser" owner="SeleniumLibrary">
<doc>Closes the current browser.</doc>
<status status="PASS" start="2024-11-27T07:49:20.858238" elapsed="2.342579"/>
</kw>
<status status="PASS" start="2024-11-27T07:49:20.858238" elapsed="2.343622"/>
</branch>
<status status="PASS" start="2024-11-27T07:49:12.930971" elapsed="10.270889"/>
</try>
<tag>EPM_LOGIN_001</tag>
<status status="PASS" start="2024-11-27T07:49:12.930971" elapsed="10.270889"/>
</test>
<test id="s1-t2" name="[EPM_LOGIN_002]" line="19">
<try>
<branch type="TRY">
<kw name="Open WebApp using Chrome" owner="EPM_Resource">
<kw name="Open Browser" owner="SeleniumLibrary">
<msg time="2024-11-27T07:49:23.206518" level="INFO">Opening browser 'Chrome' to base url 'https://172.31.32.64/registration_pilot/'.</msg>
<arg>${baseURL}</arg>
<arg>${browserName}</arg>
<arg>options=add_argument("--ignore-certificate-errors")</arg>
<doc>Opens a new browser instance to the optional ``url``.</doc>
<status status="PASS" start="2024-11-27T07:49:23.206518" elapsed="4.578111"/>
</kw>
<kw name="Maximize Browser Window" owner="SeleniumLibrary">
<doc>Maximizes current browser window.</doc>
<status status="PASS" start="2024-11-27T07:49:27.784629" elapsed="0.040770"/>
</kw>
<status status="PASS" start="2024-11-27T07:49:23.201860" elapsed="4.623539"/>
</kw>
<kw name="InputValue" owner="EPM_Resource">
<kw name="Input Text" owner="SeleniumLibrary">
<msg time="2024-11-27T07:49:27.827978" level="INFO">Typing text '12456' into text field 'xpath=/html/body/div[2]/div/div/section/div/div[2]/form/div[1]/div/input[2]'.</msg>
<arg>xpath=/html/body/div[2]/div/div/section/div/div[2]/form/div[1]/div/input[2]</arg>
<arg>${username}</arg>
<doc>Types the given ``text`` into the text field identified by ``locator``.</doc>
<status status="PASS" start="2024-11-27T07:49:27.826360" elapsed="0.450904"/>
</kw>
<kw name="Input Password" owner="SeleniumLibrary">
<msg time="2024-11-27T07:49:28.277264" level="INFO">Typing password into text field 'xpath=/html/body/div[2]/div/div/section/div/div[2]/form/div[2]/input'.</msg>
<msg time="2024-11-27T07:49:28.349634" level="INFO">Temporally setting log level to: NONE</msg>
<arg>xpath=/html/body/div[2]/div/div/section/div/div[2]/form/div[2]/input</arg>
<arg>${password}</arg>
<doc>Types the given password into the text field identified by ``locator``.</doc>
<status status="PASS" start="2024-11-27T07:49:28.277264" elapsed="0.163342"/>
</kw>
<arg>12456</arg>
<arg>ASDASDADS</arg>
<status status="PASS" start="2024-11-27T07:49:27.825399" elapsed="0.615207"/>
</kw>
<kw name="Click Login Button">
<kw name="Click Button" owner="SeleniumLibrary">
<msg time="2024-11-27T07:49:28.441604" level="INFO">Clicking button 'xpath=/html/body/div[2]/div/div/section/div/div[2]/form/div[4]/div/button'.</msg>
<arg>xpath=/html/body/div[2]/div/div/section/div/div[2]/form/div[4]/div/button</arg>
<doc>Clicks the button identified by ``locator``.</doc>
<status status="PASS" start="2024-11-27T07:49:28.441604" elapsed="0.136270"/>
</kw>
<status status="PASS" start="2024-11-27T07:49:28.441604" elapsed="0.136270"/>
</kw>
<kw name="Sleep" owner="BuiltIn">
<msg time="2024-11-27T07:49:30.578189" level="INFO">Slept 2 seconds.</msg>
<arg>2</arg>
<doc>Pauses the test executed for the given time.</doc>
<status status="PASS" start="2024-11-27T07:49:28.577874" elapsed="2.000315"/>
</kw>
<kw name="Wait Until Element Is Visible" owner="SeleniumLibrary">
<arg>xpath=//*[@id="modalDynamicMessage"]</arg>
<doc>Waits until the element ``locator`` is visible.</doc>
<status status="PASS" start="2024-11-27T07:49:30.578189" elapsed="0.055739"/>
</kw>
<kw name="Get Text" owner="SeleniumLibrary">
<msg time="2024-11-27T07:49:30.682592" level="INFO">${error_msg} = Oops! Invalid Credentials. Please contact Personnel Section for further assistance in verifying your information.</msg>
<var>${error_msg}</var>
<arg>xpath=//*[@id="modalDynamicMessage"]</arg>
<doc>Returns the text value of the element identified by ``locator``.</doc>
<status status="PASS" start="2024-11-27T07:49:30.634926" elapsed="0.047666"/>
</kw>
<kw name="Should Be Equal" owner="BuiltIn">
<arg>${error_msg}</arg>
<arg>Oops! Invalid Credentials. Please contact Personnel Section for further assistance in verifying your information.</arg>
<doc>Fails if the given objects are unequal.</doc>
<status status="PASS" start="2024-11-27T07:49:30.683587" elapsed="0.000000"/>
</kw>
<status status="PASS" start="2024-11-27T07:49:23.201860" elapsed="7.482668"/>
</branch>
<branch type="EXCEPT">
<pattern>Error</pattern>
<kw name="Fatal Error" owner="BuiltIn">
<doc>Stops the whole test execution.</doc>
<status status="NOT RUN" start="2024-11-27T07:49:30.685521" elapsed="0.000000"/>
</kw>
<status status="NOT RUN" start="2024-11-27T07:49:30.685521" elapsed="0.000000"/>
</branch>
<branch type="FINALLY">
<kw name="Close Browser" owner="SeleniumLibrary">
<doc>Closes the current browser.</doc>
<status status="PASS" start="2024-11-27T07:49:30.686519" elapsed="2.328127"/>
</kw>
<status status="PASS" start="2024-11-27T07:49:30.686519" elapsed="2.328127"/>
</branch>
<status status="PASS" start="2024-11-27T07:49:23.201860" elapsed="9.812786"/>
</try>
<tag>EPM_LOGIN_002</tag>
<status status="PASS" start="2024-11-27T07:49:23.201860" elapsed="9.813818"/>
</test>
<test id="s1-t3" name="[EPM_LOGIN_003]" line="35">
<try>
<branch type="TRY">
<kw name="Open WebApp using Chrome" owner="EPM_Resource">
<kw name="Open Browser" owner="SeleniumLibrary">
<msg time="2024-11-27T07:49:33.015678" level="INFO">Opening browser 'Chrome' to base url 'https://172.31.32.64/registration_pilot/'.</msg>
<arg>${baseURL}</arg>
<arg>${browserName}</arg>
<arg>options=add_argument("--ignore-certificate-errors")</arg>
<doc>Opens a new browser instance to the optional ``url``.</doc>
<status status="PASS" start="2024-11-27T07:49:33.015678" elapsed="4.389506"/>
</kw>
<kw name="Maximize Browser Window" owner="SeleniumLibrary">
<doc>Maximizes current browser window.</doc>
<status status="PASS" start="2024-11-27T07:49:37.405184" elapsed="0.043474"/>
</kw>
<status status="PASS" start="2024-11-27T07:49:33.015678" elapsed="4.432980"/>
</kw>
<kw name="InputValue" owner="EPM_Resource">
<kw name="Input Text" owner="SeleniumLibrary">
<msg time="2024-11-27T07:49:37.450250" level="INFO">Typing text '6666' into text field 'xpath=/html/body/div[2]/div/div/section/div/div[2]/form/div[1]/div/input[2]'.</msg>
<arg>xpath=/html/body/div[2]/div/div/section/div/div[2]/form/div[1]/div/input[2]</arg>
<arg>${username}</arg>
<doc>Types the given ``text`` into the text field identified by ``locator``.</doc>
<status status="PASS" start="2024-11-27T07:49:37.450250" elapsed="0.346231"/>
</kw>
<kw name="Input Password" owner="SeleniumLibrary">
<msg time="2024-11-27T07:49:37.797479" level="INFO">Typing password into text field 'xpath=/html/body/div[2]/div/div/section/div/div[2]/form/div[2]/input'.</msg>
<msg time="2024-11-27T07:49:38.001012" level="INFO">Temporally setting log level to: NONE</msg>
<arg>xpath=/html/body/div[2]/div/div/section/div/div[2]/form/div[2]/input</arg>
<arg>${password}</arg>
<doc>Types the given password into the text field identified by ``locator``.</doc>
<status status="PASS" start="2024-11-27T07:49:37.796481" elapsed="0.269186"/>
</kw>
<arg>6666</arg>
<arg>${personnelPW}</arg>
<status status="PASS" start="2024-11-27T07:49:37.449658" elapsed="0.616009"/>
</kw>
<kw name="Click Login Button">
<kw name="Click Button" owner="SeleniumLibrary">
<msg time="2024-11-27T07:49:38.067706" level="INFO">Clicking button 'xpath=/html/body/div[2]/div/div/section/div/div[2]/form/div[4]/div/button'.</msg>
<arg>xpath=/html/body/div[2]/div/div/section/div/div[2]/form/div[4]/div/button</arg>
<doc>Clicks the button identified by ``locator``.</doc>
<status status="PASS" start="2024-11-27T07:49:38.066663" elapsed="0.179224"/>
</kw>
<status status="PASS" start="2024-11-27T07:49:38.066663" elapsed="0.179224"/>
</kw>
<kw name="Sleep" owner="BuiltIn">
<msg time="2024-11-27T07:49:40.247538" level="INFO">Slept 2 seconds.</msg>
<arg>2</arg>
<doc>Pauses the test executed for the given time.</doc>
<status status="PASS" start="2024-11-27T07:49:38.246418" elapsed="2.001120"/>
</kw>
<kw name="Wait Until Element Is Visible" owner="SeleniumLibrary">
<arg>xpath=//*[@id="modalDynamicMessage"]</arg>
<doc>Waits until the element ``locator`` is visible.</doc>
<status status="PASS" start="2024-11-27T07:49:40.247538" elapsed="0.060516"/>
</kw>
<kw name="Get Text" owner="SeleniumLibrary">
<msg time="2024-11-27T07:49:40.353869" level="INFO">${error_msg} = Oops! Invalid Credentials. Please contact Personnel Section.</msg>
<var>${error_msg}</var>
<arg>xpath=//*[@id="modalDynamicMessage"]</arg>
<doc>Returns the text value of the element identified by ``locator``.</doc>
<status status="PASS" start="2024-11-27T07:49:40.308054" elapsed="0.045815"/>
</kw>
<kw name="Should Be Equal" owner="BuiltIn">
<arg>${error_msg}</arg>
<arg>Oops! Invalid Credentials. Please contact Personnel Section.</arg>
<doc>Fails if the given objects are unequal.</doc>
<status status="PASS" start="2024-11-27T07:49:40.353869" elapsed="0.000000"/>
</kw>
<status status="PASS" start="2024-11-27T07:49:33.015678" elapsed="7.338191"/>
</branch>
<branch type="EXCEPT">
<pattern>Error</pattern>
<kw name="Fatal Error" owner="BuiltIn">
<doc>Stops the whole test execution.</doc>
<status status="NOT RUN" start="2024-11-27T07:49:40.353869" elapsed="0.000000"/>
</kw>
<status status="NOT RUN" start="2024-11-27T07:49:40.353869" elapsed="0.000000"/>
</branch>
<branch type="FINALLY">
<kw name="Close Browser" owner="SeleniumLibrary">
<doc>Closes the current browser.</doc>
<status status="PASS" start="2024-11-27T07:49:40.353869" elapsed="2.398930"/>
</kw>
<status status="PASS" start="2024-11-27T07:49:40.353869" elapsed="2.398930"/>
</branch>
<status status="PASS" start="2024-11-27T07:49:33.015678" elapsed="9.737121"/>
</try>
<tag>EPM_LOGIN_003</tag>
<status status="PASS" start="2024-11-27T07:49:33.015678" elapsed="9.738118"/>
</test>
<test id="s1-t4" name="[EPM_LOGIN_004]" line="51">
<try>
<branch type="TRY">
<kw name="Open WebApp using Chrome" owner="EPM_Resource">
<kw name="Open Browser" owner="SeleniumLibrary">
<msg time="2024-11-27T07:49:42.755837" level="INFO">Opening browser 'Chrome' to base url 'https://172.31.32.64/registration_pilot/'.</msg>
<arg>${baseURL}</arg>
<arg>${browserName}</arg>
<arg>options=add_argument("--ignore-certificate-errors")</arg>
<doc>Opens a new browser instance to the optional ``url``.</doc>
<status status="PASS" start="2024-11-27T07:49:42.755837" elapsed="4.252191"/>
</kw>
<kw name="Maximize Browser Window" owner="SeleniumLibrary">
<doc>Maximizes current browser window.</doc>
<status status="PASS" start="2024-11-27T07:49:47.008028" elapsed="0.036601"/>
</kw>
<status status="PASS" start="2024-11-27T07:49:42.755837" elapsed="4.288792"/>
</kw>
<kw name="InputValue" owner="EPM_Resource">
<kw name="Input Text" owner="SeleniumLibrary">
<msg time="2024-11-27T07:49:47.049975" level="INFO">Typing text '12456,' into text field 'xpath=/html/body/div[2]/div/div/section/div/div[2]/form/div[1]/div/input[2]'.</msg>
<arg>xpath=/html/body/div[2]/div/div/section/div/div[2]/form/div[1]/div/input[2]</arg>
<arg>${username}</arg>
<doc>Types the given ``text`` into the text field identified by ``locator``.</doc>
<status status="PASS" start="2024-11-27T07:49:47.048975" elapsed="0.327323"/>
</kw>
<kw name="Input Password" owner="SeleniumLibrary">
<msg time="2024-11-27T07:49:47.376298" level="INFO">Typing password into text field 'xpath=/html/body/div[2]/div/div/section/div/div[2]/form/div[2]/input'.</msg>
<msg time="2024-11-27T07:49:47.574272" level="INFO">Temporally setting log level to: NONE</msg>
<arg>xpath=/html/body/div[2]/div/div/section/div/div[2]/form/div[2]/input</arg>
<arg>${password}</arg>
<doc>Types the given password into the text field identified by ``locator``.</doc>
<status status="PASS" start="2024-11-27T07:49:47.376298" elapsed="0.277779"/>
</kw>
<arg>${personnelUN},</arg>
<arg>${EMPTY}</arg>
<status status="PASS" start="2024-11-27T07:49:47.045630" elapsed="0.608447"/>
</kw>
<kw name="Click Login Button">
<kw name="Click Button" owner="SeleniumLibrary">
<msg time="2024-11-27T07:49:47.655077" level="INFO">Clicking button 'xpath=/html/body/div[2]/div/div/section/div/div[2]/form/div[4]/div/button'.</msg>
<arg>xpath=/html/body/div[2]/div/div/section/div/div[2]/form/div[4]/div/button</arg>
<doc>Clicks the button identified by ``locator``.</doc>
<status status="PASS" start="2024-11-27T07:49:47.655077" elapsed="0.234325"/>
</kw>
<status status="PASS" start="2024-11-27T07:49:47.654077" elapsed="0.235325"/>
</kw>
<kw name="Sleep" owner="BuiltIn">
<msg time="2024-11-27T07:49:49.891693" level="INFO">Slept 2 seconds.</msg>
<arg>2</arg>
<doc>Pauses the test executed for the given time.</doc>
<status status="PASS" start="2024-11-27T07:49:47.891455" elapsed="2.000238"/>
</kw>
<status status="PASS" start="2024-11-27T07:49:42.755837" elapsed="7.136879"/>
</branch>
<branch type="EXCEPT">
<pattern>Error</pattern>
<kw name="Fatal Error" owner="BuiltIn">
<doc>Stops the whole test execution.</doc>
<status status="NOT RUN" start="2024-11-27T07:49:49.893713" elapsed="0.000990"/>
</kw>
<status status="NOT RUN" start="2024-11-27T07:49:49.892716" elapsed="0.003039"/>
</branch>
<branch type="FINALLY">
<kw name="Close Browser" owner="SeleniumLibrary">
<doc>Closes the current browser.</doc>
<status status="PASS" start="2024-11-27T07:49:49.895755" elapsed="2.511040"/>
</kw>
<status status="PASS" start="2024-11-27T07:49:49.895755" elapsed="2.511040"/>
</branch>
<status status="PASS" start="2024-11-27T07:49:42.755837" elapsed="9.650958"/>
</try>
<tag>EPM_LOGIN_004</tag>
<status status="PASS" start="2024-11-27T07:49:42.754790" elapsed="9.653002"/>
</test>
<test id="s1-t5" name="[EPM_LOGIN_005]" line="64">
<try>
<branch type="TRY">
<kw name="Open WebApp using Chrome" owner="EPM_Resource">
<kw name="Open Browser" owner="SeleniumLibrary">
<msg time="2024-11-27T07:49:52.407792" level="INFO">Opening browser 'Chrome' to base url 'https://172.31.32.64/registration_pilot/'.</msg>
<arg>${baseURL}</arg>
<arg>${browserName}</arg>
<arg>options=add_argument("--ignore-certificate-errors")</arg>
<doc>Opens a new browser instance to the optional ``url``.</doc>
<status status="PASS" start="2024-11-27T07:49:52.407792" elapsed="5.502708"/>
</kw>
<kw name="Maximize Browser Window" owner="SeleniumLibrary">
<doc>Maximizes current browser window.</doc>
<status status="PASS" start="2024-11-27T07:49:57.910500" elapsed="0.044471"/>
</kw>
<status status="PASS" start="2024-11-27T07:49:52.407792" elapsed="5.547179"/>
</kw>
<kw name="InputValue" owner="EPM_Resource">
<kw name="Input Text" owner="SeleniumLibrary">
<msg time="2024-11-27T07:49:57.957426" level="INFO">Typing text ',' into text field 'xpath=/html/body/div[2]/div/div/section/div/div[2]/form/div[1]/div/input[2]'.</msg>
<arg>xpath=/html/body/div[2]/div/div/section/div/div[2]/form/div[1]/div/input[2]</arg>
<arg>${username}</arg>
<doc>Types the given ``text`` into the text field identified by ``locator``.</doc>
<status status="PASS" start="2024-11-27T07:49:57.957426" elapsed="0.444307"/>
</kw>
<kw name="Input Password" owner="SeleniumLibrary">
<msg time="2024-11-27T07:49:58.402730" level="INFO">Typing password into text field 'xpath=/html/body/div[2]/div/div/section/div/div[2]/form/div[2]/input'.</msg>
<msg time="2024-11-27T07:49:58.475073" level="INFO">Temporally setting log level to: NONE</msg>
<arg>xpath=/html/body/div[2]/div/div/section/div/div[2]/form/div[2]/input</arg>
<arg>${password}</arg>
<doc>Types the given password into the text field identified by ``locator``.</doc>
<status status="PASS" start="2024-11-27T07:49:58.402730" elapsed="0.161353"/>
</kw>
<arg>${EMPTY},</arg>
<arg>${personnelPW}</arg>
<status status="PASS" start="2024-11-27T07:49:57.956429" elapsed="0.607654"/>
</kw>
<kw name="Click Login Button">
<kw name="Click Button" owner="SeleniumLibrary">
<msg time="2024-11-27T07:49:58.565080" level="INFO">Clicking button 'xpath=/html/body/div[2]/div/div/section/div/div[2]/form/div[4]/div/button'.</msg>
<arg>xpath=/html/body/div[2]/div/div/section/div/div[2]/form/div[4]/div/button</arg>
<doc>Clicks the button identified by ``locator``.</doc>
<status status="PASS" start="2024-11-27T07:49:58.565080" elapsed="0.199889"/>
</kw>
<status status="PASS" start="2024-11-27T07:49:58.564083" elapsed="0.201883"/>
</kw>
<kw name="Sleep" owner="BuiltIn">
<msg time="2024-11-27T07:50:00.766778" level="INFO">Slept 2 seconds.</msg>
<arg>2</arg>
<doc>Pauses the test executed for the given time.</doc>
<status status="PASS" start="2024-11-27T07:49:58.766267" elapsed="2.000511"/>
</kw>
<status status="PASS" start="2024-11-27T07:49:52.407792" elapsed="8.358986"/>
</branch>
<branch type="EXCEPT">
<pattern>Error</pattern>
<kw name="Fatal Error" owner="BuiltIn">
<doc>Stops the whole test execution.</doc>
<status status="NOT RUN" start="2024-11-27T07:50:00.767873" elapsed="0.001054"/>
</kw>
<status status="NOT RUN" start="2024-11-27T07:50:00.767873" elapsed="0.001054"/>
</branch>
<branch type="FINALLY">
<kw name="Close Browser" owner="SeleniumLibrary">
<doc>Closes the current browser.</doc>
<status status="PASS" start="2024-11-27T07:50:00.769441" elapsed="2.435085"/>
</kw>
<status status="PASS" start="2024-11-27T07:50:00.769441" elapsed="2.435085"/>
</branch>
<status status="PASS" start="2024-11-27T07:49:52.407792" elapsed="10.796734"/>
</try>
<tag>EPM_LOGIN_005</tag>
<status status="PASS" start="2024-11-27T07:49:52.407792" elapsed="10.797728"/>
</test>
<test id="s1-t6" name="[EPM_LOGIN_006]" line="77">
<try>
<branch type="TRY">
<kw name="Open WebApp using Chrome" owner="EPM_Resource">
<kw name="Open Browser" owner="SeleniumLibrary">
<msg time="2024-11-27T07:50:03.205520" level="INFO">Opening browser 'Chrome' to base url 'https://172.31.32.64/registration_pilot/'.</msg>
<arg>${baseURL}</arg>
<arg>${browserName}</arg>
<arg>options=add_argument("--ignore-certificate-errors")</arg>
<doc>Opens a new browser instance to the optional ``url``.</doc>
<status status="PASS" start="2024-11-27T07:50:03.205520" elapsed="4.846265"/>
</kw>
<kw name="Maximize Browser Window" owner="SeleniumLibrary">
<doc>Maximizes current browser window.</doc>
<status status="PASS" start="2024-11-27T07:50:08.051785" elapsed="0.036055"/>
</kw>
<status status="PASS" start="2024-11-27T07:50:03.205520" elapsed="4.882320"/>
</kw>
<kw name="Click Link" owner="SeleniumLibrary">
<msg time="2024-11-27T07:50:08.088837" level="INFO">Clicking link 'xpath=/html/body/div[2]/div/div/section/div/div[2]/div/div[1]/label/a'.</msg>
<arg>xpath=/html/body/div[2]/div/div/section/div/div[2]/div/div[1]/label/a</arg>
<doc>Clicks a link identified by ``locator``.</doc>
<status status="PASS" start="2024-11-27T07:50:08.087840" elapsed="0.321945"/>
</kw>
<kw name="Sleep" owner="BuiltIn">
<msg time="2024-11-27T07:50:10.411066" level="INFO">Slept 2 seconds.</msg>
<arg>2</arg>
<doc>Pauses the test executed for the given time.</doc>
<status status="PASS" start="2024-11-27T07:50:08.410175" elapsed="2.000891"/>
</kw>
<status status="PASS" start="2024-11-27T07:50:03.205520" elapsed="7.205546"/>
</branch>
<branch type="EXCEPT">
<pattern>Error</pattern>
<kw name="Fatal Error" owner="BuiltIn">
<doc>Stops the whole test execution.</doc>
<status status="NOT RUN" start="2024-11-27T07:50:10.411066" elapsed="0.001029"/>
</kw>
<status status="NOT RUN" start="2024-11-27T07:50:10.411066" elapsed="0.001029"/>
</branch>
<branch type="FINALLY">
<kw name="Close Browser" owner="SeleniumLibrary">
<doc>Closes the current browser.</doc>
<status status="PASS" start="2024-11-27T07:50:10.412095" elapsed="2.322080"/>
</kw>
<status status="PASS" start="2024-11-27T07:50:10.412095" elapsed="2.322080"/>
</branch>
<status status="PASS" start="2024-11-27T07:50:03.205520" elapsed="9.528655"/>
</try>
<tag>EPM_LOGIN_006</tag>
<status status="PASS" start="2024-11-27T07:50:03.205520" elapsed="9.529700"/>
</test>
<test id="s1-t7" name="[EPM_LOGIN_007]" line="89">
<try>
<branch type="TRY">
<kw name="Open WebApp using Chrome" owner="EPM_Resource">
<kw name="Open Browser" owner="SeleniumLibrary">
<msg time="2024-11-27T07:50:12.738384" level="INFO">Opening browser 'Chrome' to base url 'https://172.31.32.64/registration_pilot/'.</msg>
<arg>${baseURL}</arg>
<arg>${browserName}</arg>
<arg>options=add_argument("--ignore-certificate-errors")</arg>
<doc>Opens a new browser instance to the optional ``url``.</doc>
<status status="PASS" start="2024-11-27T07:50:12.738384" elapsed="4.603052"/>
</kw>
<kw name="Maximize Browser Window" owner="SeleniumLibrary">
<doc>Maximizes current browser window.</doc>
<status status="PASS" start="2024-11-27T07:50:17.341436" elapsed="0.049108"/>
</kw>
<status status="PASS" start="2024-11-27T07:50:12.738384" elapsed="4.652160"/>
</kw>
<kw name="Click Link" owner="SeleniumLibrary">
<msg time="2024-11-27T07:50:17.390544" level="INFO">Clicking link 'xpath=/html/body/div[2]/div/div/section/div/div[2]/div/div[2]/label/a'.</msg>
<arg>xpath=/html/body/div[2]/div/div/section/div/div[2]/div/div[2]/label/a</arg>
<doc>Clicks a link identified by ``locator``.</doc>
<status status="PASS" start="2024-11-27T07:50:17.390544" elapsed="0.338981"/>
</kw>
<kw name="Sleep" owner="BuiltIn">
<msg time="2024-11-27T07:50:19.731034" level="INFO">Slept 2 seconds.</msg>
<arg>2</arg>
<doc>Pauses the test executed for the given time.</doc>
<status status="PASS" start="2024-11-27T07:50:17.730518" elapsed="2.001265"/>
</kw>
<status status="PASS" start="2024-11-27T07:50:12.738384" elapsed="6.993399"/>
</branch>
<branch type="EXCEPT">
<pattern>Error</pattern>
<kw name="Fatal Error" owner="BuiltIn">
<doc>Stops the whole test execution.</doc>
<status status="NOT RUN" start="2024-11-27T07:50:19.732528" elapsed="0.000000"/>
</kw>
<status status="NOT RUN" start="2024-11-27T07:50:19.732528" elapsed="0.000000"/>
</branch>
<branch type="FINALLY">
<kw name="Close Browser" owner="SeleniumLibrary">
<doc>Closes the current browser.</doc>
<status status="PASS" start="2024-11-27T07:50:19.733499" elapsed="2.399469"/>
</kw>
<status status="PASS" start="2024-11-27T07:50:19.732528" elapsed="2.400440"/>
</branch>
<status status="PASS" start="2024-11-27T07:50:12.738384" elapsed="9.395588"/>
</try>
<tag>EPM_LOGIN_007</tag>
<status status="PASS" start="2024-11-27T07:50:12.737351" elapsed="9.397610"/>
</test>
<test id="s1-t8" name="[EPM_LOGIN_008]" line="101">
<try>
<branch type="TRY">
<kw name="Open WebApp using Chrome" owner="EPM_Resource">
<kw name="Open Browser" owner="SeleniumLibrary">
<msg time="2024-11-27T07:50:22.139497" level="INFO">Opening browser 'Chrome' to base url 'https://172.31.32.64/registration_pilot/'.</msg>
<arg>${baseURL}</arg>
<arg>${browserName}</arg>
<arg>options=add_argument("--ignore-certificate-errors")</arg>
<doc>Opens a new browser instance to the optional ``url``.</doc>
<status status="PASS" start="2024-11-27T07:50:22.139497" elapsed="5.189133"/>
</kw>
<kw name="Maximize Browser Window" owner="SeleniumLibrary">
<doc>Maximizes current browser window.</doc>
<status status="PASS" start="2024-11-27T07:50:27.329629" elapsed="0.042256"/>
</kw>
<status status="PASS" start="2024-11-27T07:50:22.138499" elapsed="5.233386"/>
</kw>
<kw name="Click Link" owner="SeleniumLibrary">
<msg time="2024-11-27T07:50:27.372882" level="INFO">Clicking link 'xpath=/html/body/div[2]/div/div/section/div/div[2]/div/div[3]/label/a'.</msg>
<arg>xpath=/html/body/div[2]/div/div/section/div/div[2]/div/div[3]/label/a</arg>
<doc>Clicks a link identified by ``locator``.</doc>
<status status="PASS" start="2024-11-27T07:50:27.371885" elapsed="0.370045"/>
</kw>
<kw name="Sleep" owner="BuiltIn">
<msg time="2024-11-27T07:50:29.743149" level="INFO">Slept 2 seconds.</msg>
<arg>2</arg>
<doc>Pauses the test executed for the given time.</doc>
<status status="PASS" start="2024-11-27T07:50:27.742920" elapsed="2.000229"/>
</kw>
<status status="PASS" start="2024-11-27T07:50:22.138499" elapsed="7.604650"/>
</branch>
<branch type="EXCEPT">
<pattern>Error</pattern>
<kw name="Fatal Error" owner="BuiltIn">
<doc>Stops the whole test execution.</doc>
<status status="NOT RUN" start="2024-11-27T07:50:29.744154" elapsed="0.000000"/>
</kw>
<status status="NOT RUN" start="2024-11-27T07:50:29.743149" elapsed="0.001005"/>
</branch>
<branch type="FINALLY">
<kw name="Close Browser" owner="SeleniumLibrary">
<doc>Closes the current browser.</doc>
<status status="PASS" start="2024-11-27T07:50:29.744154" elapsed="3.017827"/>
</kw>
<status status="PASS" start="2024-11-27T07:50:29.744154" elapsed="3.017827"/>
</branch>
<status status="PASS" start="2024-11-27T07:50:22.138499" elapsed="10.623482"/>
</try>
<tag>EPM_LOGIN_008</tag>
<status status="PASS" start="2024-11-27T07:50:22.137511" elapsed="10.625514"/>
</test>
<test id="s1-t9" name="[EPM_LOGIN_009]" line="113">
<kw name="Open WebApp using Chrome" owner="EPM_Resource">
<kw name="Open Browser" owner="SeleniumLibrary">
<msg time="2024-11-27T07:50:32.765699" level="INFO">Opening browser 'Chrome' to base url 'https://172.31.32.64/registration_pilot/'.</msg>
<arg>${baseURL}</arg>
<arg>${browserName}</arg>
<arg>options=add_argument("--ignore-certificate-errors")</arg>
<doc>Opens a new browser instance to the optional ``url``.</doc>
<status status="PASS" start="2024-11-27T07:50:32.765699" elapsed="4.632411"/>
</kw>
<kw name="Maximize Browser Window" owner="SeleniumLibrary">
<doc>Maximizes current browser window.</doc>
<status status="PASS" start="2024-11-27T07:50:37.399111" elapsed="0.045344"/>
</kw>
<status status="PASS" start="2024-11-27T07:50:32.765699" elapsed="4.678756"/>
</kw>
<for flavor="IN RANGE">
<iter>
<kw name="Log" owner="BuiltIn">
<msg time="2024-11-27T07:50:37.447405" level="INFO">Attempt 1 of 3</msg>
<arg>Attempt ${i + 1} of 3</arg>
<doc>Logs the given message with the given level.</doc>
<status status="PASS" start="2024-11-27T07:50:37.444455" elapsed="0.002950"/>
</kw>
<kw name="InputValue" owner="EPM_Resource">
<kw name="Input Text" owner="SeleniumLibrary">
<msg time="2024-11-27T07:50:37.450189" level="INFO">Typing text '12456' into text field 'xpath=/html/body/div[2]/div/div/section/div/div[2]/form/div[1]/div/input[2]'.</msg>
<arg>xpath=/html/body/div[2]/div/div/section/div/div[2]/form/div[1]/div/input[2]</arg>
<arg>${username}</arg>
<doc>Types the given ``text`` into the text field identified by ``locator``.</doc>
<status status="PASS" start="2024-11-27T07:50:37.449016" elapsed="0.315733"/>
</kw>
<kw name="Input Password" owner="SeleniumLibrary">
<msg time="2024-11-27T07:50:37.765523" level="INFO">Typing password into text field 'xpath=/html/body/div[2]/div/div/section/div/div[2]/form/div[2]/input'.</msg>
<msg time="2024-11-27T07:50:37.991613" level="INFO">Temporally setting log level to: NONE</msg>
<arg>xpath=/html/body/div[2]/div/div/section/div/div[2]/form/div[2]/input</arg>
<arg>${password}</arg>
<doc>Types the given password into the text field identified by ``locator``.</doc>
<status status="PASS" start="2024-11-27T07:50:37.765159" elapsed="0.318570"/>
</kw>
<arg>${personnelUN}</arg>
<arg>123131</arg>
<status status="PASS" start="2024-11-27T07:50:37.448011" elapsed="0.636687"/>
</kw>
<kw name="Click Login Button">
<kw name="Click Button" owner="SeleniumLibrary">
<msg time="2024-11-27T07:50:38.085504" level="INFO">Clicking button 'xpath=/html/body/div[2]/div/div/section/div/div[2]/form/div[4]/div/button'.</msg>
<arg>xpath=/html/body/div[2]/div/div/section/div/div[2]/form/div[4]/div/button</arg>
<doc>Clicks the button identified by ``locator``.</doc>
<status status="PASS" start="2024-11-27T07:50:38.085504" elapsed="0.139633"/>
</kw>
<status status="PASS" start="2024-11-27T07:50:38.084698" elapsed="0.140439"/>
</kw>
<kw name="Wait Until Element Is Visible" owner="SeleniumLibrary">
<arg>xpath=//*[@id="modalDynamicMessage"]</arg>
<doc>Waits until the element ``locator`` is visible.</doc>
<status status="PASS" start="2024-11-27T07:50:38.226134" elapsed="0.331428"/>
</kw>
<kw name="Get Text" owner="SeleniumLibrary">
<msg time="2024-11-27T07:50:38.610513" level="INFO">${error_msg} = Oops! Invalid Credentials. Please contact Personnel Section for further assistance in verifying your information.</msg>
<var>${error_msg}</var>
<arg>xpath=//*[@id="modalDynamicMessage"]</arg>
<doc>Returns the text value of the element identified by ``locator``.</doc>
<status status="PASS" start="2024-11-27T07:50:38.558558" elapsed="0.051955"/>
</kw>
<if>
<branch type="IF" condition="${i} != 2">
<kw name="Should Be Equal" owner="BuiltIn">
<arg>${error_msg}</arg>
<arg>Oops! Invalid Credentials. Please contact Personnel Section for further assistance in verifying your information.</arg>
<doc>Fails if the given objects are unequal.</doc>
<status status="PASS" start="2024-11-27T07:50:38.611510" elapsed="0.000000"/>
</kw>
<status status="PASS" start="2024-11-27T07:50:38.610513" elapsed="0.001994"/>
</branch>
<status status="PASS" start="2024-11-27T07:50:38.610513" elapsed="0.003060"/>
</if>
<kw name="Click Button" owner="SeleniumLibrary">
<msg time="2024-11-27T07:50:38.613573" level="INFO">Clicking button 'xpath=//*[@id="modalDynamicButton"]'.</msg>
<arg>xpath=//*[@id="modalDynamicButton"]</arg>
<doc>Clicks the button identified by ``locator``.</doc>
<status status="PASS" start="2024-11-27T07:50:38.613573" elapsed="0.243496"/>
</kw>
<kw name="Sleep" owner="BuiltIn">
<msg time="2024-11-27T07:50:40.858824" level="INFO">Slept 2 seconds.</msg>
<arg>2</arg>
<doc>Pauses the test executed for the given time.</doc>
<status status="PASS" start="2024-11-27T07:50:38.858066" elapsed="2.000758"/>
</kw>
<if>
<branch type="IF" condition="${i} == 3">
<kw name="Wait Until Element Is Visible" owner="SeleniumLibrary">
<arg>xpath=//*[@id="modalDynamicMessage"]</arg>
<doc>Waits until the element ``locator`` is visible.</doc>
<status status="NOT RUN" start="2024-11-27T07:50:40.858824" elapsed="0.000000"/>
</kw>
<kw name="Get Text" owner="SeleniumLibrary">
<var>${error_msg}</var>
<arg>xpath=//*[@id="modalDynamicMessage"]</arg>
<doc>Returns the text value of the element identified by ``locator``.</doc>
<status status="NOT RUN" start="2024-11-27T07:50:40.858824" elapsed="0.000000"/>
</kw>
<kw name="Should Be Equal" owner="BuiltIn">
<arg>${error_msg}</arg>
<arg>Oops! Your account has been locked due to multiple incorrect attempts!</arg>
<doc>Fails if the given objects are unequal.</doc>
<status status="NOT RUN" start="2024-11-27T07:50:40.858824" elapsed="0.000000"/>
</kw>
<kw name="Close Browser" owner="SeleniumLibrary">
<doc>Closes the current browser.</doc>
<status status="NOT RUN" start="2024-11-27T07:50:40.858824" elapsed="0.000000"/>
</kw>
<status status="NOT RUN" start="2024-11-27T07:50:40.858824" elapsed="0.000000"/>
</branch>
<status status="PASS" start="2024-11-27T07:50:40.858824" elapsed="0.000000"/>
</if>
<var name="${i}">0</var>
<status status="PASS" start="2024-11-27T07:50:37.444455" elapsed="3.414369"/>
</iter>
<iter>
<kw name="Log" owner="BuiltIn">
<msg time="2024-11-27T07:50:40.858824" level="INFO">Attempt 2 of 3</msg>
<arg>Attempt ${i + 1} of 3</arg>
<doc>Logs the given message with the given level.</doc>
<status status="PASS" start="2024-11-27T07:50:40.858824" elapsed="0.000000"/>
</kw>
<kw name="InputValue" owner="EPM_Resource">
<kw name="Input Text" owner="SeleniumLibrary">
<msg time="2024-11-27T07:50:40.858824" level="INFO">Typing text '12456' into text field 'xpath=/html/body/div[2]/div/div/section/div/div[2]/form/div[1]/div/input[2]'.</msg>
<arg>xpath=/html/body/div[2]/div/div/section/div/div[2]/form/div[1]/div/input[2]</arg>
<arg>${username}</arg>
<doc>Types the given ``text`` into the text field identified by ``locator``.</doc>
<status status="PASS" start="2024-11-27T07:50:40.858824" elapsed="0.149730"/>
</kw>
<kw name="Input Password" owner="SeleniumLibrary">
<msg time="2024-11-27T07:50:41.009553" level="INFO">Typing password into text field 'xpath=/html/body/div[2]/div/div/section/div/div[2]/form/div[2]/input'.</msg>
<msg time="2024-11-27T07:50:41.067202" level="INFO">Temporally setting log level to: NONE</msg>
<arg>xpath=/html/body/div[2]/div/div/section/div/div[2]/form/div[2]/input</arg>
<arg>${password}</arg>
<doc>Types the given password into the text field identified by ``locator``.</doc>
<status status="PASS" start="2024-11-27T07:50:41.009553" elapsed="0.112833"/>
</kw>
<arg>${personnelUN}</arg>
<arg>123131</arg>
<status status="PASS" start="2024-11-27T07:50:40.858824" elapsed="0.263562"/>
</kw>
<kw name="Click Login Button">
<kw name="Click Button" owner="SeleniumLibrary">
<msg time="2024-11-27T07:50:41.123385" level="INFO">Clicking button 'xpath=/html/body/div[2]/div/div/section/div/div[2]/form/div[4]/div/button'.</msg>
<arg>xpath=/html/body/div[2]/div/div/section/div/div[2]/form/div[4]/div/button</arg>
<doc>Clicks the button identified by ``locator``.</doc>
<status status="PASS" start="2024-11-27T07:50:41.123385" elapsed="0.109253"/>
</kw>
<status status="PASS" start="2024-11-27T07:50:41.123385" elapsed="0.110251"/>
</kw>
<kw name="Wait Until Element Is Visible" owner="SeleniumLibrary">
<arg>xpath=//*[@id="modalDynamicMessage"]</arg>
<doc>Waits until the element ``locator`` is visible.</doc>
<status status="PASS" start="2024-11-27T07:50:41.233788" elapsed="0.314374"/>
</kw>
<kw name="Get Text" owner="SeleniumLibrary">
<msg time="2024-11-27T07:50:41.659024" level="INFO">${error_msg} = Oops! Invalid Credentials. Please contact Personnel Section for further assistance in verifying your information.</msg>
<var>${error_msg}</var>
<arg>xpath=//*[@id="modalDynamicMessage"]</arg>
<doc>Returns the text value of the element identified by ``locator``.</doc>
<status status="PASS" start="2024-11-27T07:50:41.548162" elapsed="0.110862"/>
</kw>
<if>
<branch type="IF" condition="${i} != 2">
<kw name="Should Be Equal" owner="BuiltIn">
<arg>${error_msg}</arg>
<arg>Oops! Invalid Credentials. Please contact Personnel Section for further assistance in verifying your information.</arg>
<doc>Fails if the given objects are unequal.</doc>
<status status="PASS" start="2024-11-27T07:50:41.662512" elapsed="0.000000"/>
</kw>
<status status="PASS" start="2024-11-27T07:50:41.659024" elapsed="0.003488"/>
</branch>
<status status="PASS" start="2024-11-27T07:50:41.659024" elapsed="0.003488"/>
</if>
<kw name="Click Button" owner="SeleniumLibrary">
<msg time="2024-11-27T07:50:41.663799" level="INFO">Clicking button 'xpath=//*[@id="modalDynamicButton"]'.</msg>
<arg>xpath=//*[@id="modalDynamicButton"]</arg>
<doc>Clicks the button identified by ``locator``.</doc>
<status status="PASS" start="2024-11-27T07:50:41.663799" elapsed="0.167819"/>
</kw>
<kw name="Sleep" owner="BuiltIn">
<msg time="2024-11-27T07:50:43.833285" level="INFO">Slept 2 seconds.</msg>
<arg>2</arg>
<doc>Pauses the test executed for the given time.</doc>
<status status="PASS" start="2024-11-27T07:50:41.832383" elapsed="2.000902"/>
</kw>
<if>
<branch type="IF" condition="${i} == 3">
<kw name="Wait Until Element Is Visible" owner="SeleniumLibrary">
<arg>xpath=//*[@id="modalDynamicMessage"]</arg>
<doc>Waits until the element ``locator`` is visible.</doc>
<status status="NOT RUN" start="2024-11-27T07:50:43.833285" elapsed="0.000000"/>
</kw>
<kw name="Get Text" owner="SeleniumLibrary">
<var>${error_msg}</var>
<arg>xpath=//*[@id="modalDynamicMessage"]</arg>
<doc>Returns the text value of the element identified by ``locator``.</doc>
<status status="NOT RUN" start="2024-11-27T07:50:43.833285" elapsed="0.000000"/>
</kw>
<kw name="Should Be Equal" owner="BuiltIn">
<arg>${error_msg}</arg>
<arg>Oops! Your account has been locked due to multiple incorrect attempts!</arg>
<doc>Fails if the given objects are unequal.</doc>
<status status="NOT RUN" start="2024-11-27T07:50:43.833285" elapsed="0.000000"/>
</kw>
<kw name="Close Browser" owner="SeleniumLibrary">
<doc>Closes the current browser.</doc>
<status status="NOT RUN" start="2024-11-27T07:50:43.833285" elapsed="0.000000"/>
</kw>
<status status="NOT RUN" start="2024-11-27T07:50:43.833285" elapsed="0.000000"/>
</branch>
<status status="PASS" start="2024-11-27T07:50:43.833285" elapsed="0.000000"/>
</if>
<var name="${i}">1</var>
<status status="PASS" start="2024-11-27T07:50:40.858824" elapsed="2.974461"/>
</iter>
<iter>
<kw name="Log" owner="BuiltIn">
<msg time="2024-11-27T07:50:43.833285" level="INFO">Attempt 3 of 3</msg>
<arg>Attempt ${i + 1} of 3</arg>
<doc>Logs the given message with the given level.</doc>
<status status="PASS" start="2024-11-27T07:50:43.833285" elapsed="0.000000"/>
</kw>
<kw name="InputValue" owner="EPM_Resource">
<kw name="Input Text" owner="SeleniumLibrary">
<msg time="2024-11-27T07:50:43.833285" level="INFO">Typing text '12456' into text field 'xpath=/html/body/div[2]/div/div/section/div/div[2]/form/div[1]/div/input[2]'.</msg>
<arg>xpath=/html/body/div[2]/div/div/section/div/div[2]/form/div[1]/div/input[2]</arg>
<arg>${username}</arg>
<doc>Types the given ``text`` into the text field identified by ``locator``.</doc>
<status status="PASS" start="2024-11-27T07:50:43.833285" elapsed="0.143740"/>
</kw>
<kw name="Input Password" owner="SeleniumLibrary">
<msg time="2024-11-27T07:50:43.978385" level="INFO">Typing password into text field 'xpath=/html/body/div[2]/div/div/section/div/div[2]/form/div[2]/input'.</msg>
<msg time="2024-11-27T07:50:44.030303" level="INFO">Temporally setting log level to: NONE</msg>
<arg>xpath=/html/body/div[2]/div/div/section/div/div[2]/form/div[2]/input</arg>
<arg>${password}</arg>
<doc>Types the given password into the text field identified by ``locator``.</doc>
<status status="PASS" start="2024-11-27T07:50:43.978024" elapsed="0.111837"/>
</kw>
<arg>${personnelUN}</arg>
<arg>123131</arg>
<status status="PASS" start="2024-11-27T07:50:43.833285" elapsed="0.256576"/>
</kw>
<kw name="Click Login Button">
<kw name="Click Button" owner="SeleniumLibrary">
<msg time="2024-11-27T07:50:44.090857" level="INFO">Clicking button 'xpath=/html/body/div[2]/div/div/section/div/div[2]/form/div[4]/div/button'.</msg>
<arg>xpath=/html/body/div[2]/div/div/section/div/div[2]/form/div[4]/div/button</arg>
<doc>Clicks the button identified by ``locator``.</doc>
<status status="PASS" start="2024-11-27T07:50:44.090857" elapsed="0.102316"/>
</kw>
<status status="PASS" start="2024-11-27T07:50:44.090857" elapsed="0.102316"/>
</kw>
<kw name="Wait Until Element Is Visible" owner="SeleniumLibrary">
<arg>xpath=//*[@id="modalDynamicMessage"]</arg>
<doc>Waits until the element ``locator`` is visible.</doc>
<status status="PASS" start="2024-11-27T07:50:44.193173" elapsed="0.488507"/>
</kw>
<kw name="Get Text" owner="SeleniumLibrary">
<msg time="2024-11-27T07:50:44.723884" level="INFO">${error_msg} = Oops! Your account has been locked due to multiple incorrect attempts!</msg>
<var>${error_msg}</var>
<arg>xpath=//*[@id="modalDynamicMessage"]</arg>
<doc>Returns the text value of the element identified by ``locator``.</doc>
<status status="PASS" start="2024-11-27T07:50:44.681680" elapsed="0.042204"/>
</kw>
<if>
<branch type="IF" condition="${i} != 2">
<kw name="Should Be Equal" owner="BuiltIn">
<arg>${error_msg}</arg>
<arg>Oops! Invalid Credentials. Please contact Personnel Section for further assistance in verifying your information.</arg>
<doc>Fails if the given objects are unequal.</doc>
<status status="NOT RUN" start="2024-11-27T07:50:44.725547" elapsed="0.000000"/>
</kw>
<status status="NOT RUN" start="2024-11-27T07:50:44.724881" elapsed="0.000666"/>
</branch>
<status status="PASS" start="2024-11-27T07:50:44.724881" elapsed="0.000666"/>
</if>
<kw name="Click Button" owner="SeleniumLibrary">
<msg time="2024-11-27T07:50:44.726543" level="INFO">Clicking button 'xpath=//*[@id="modalDynamicButton"]'.</msg>
<arg>xpath=//*[@id="modalDynamicButton"]</arg>
<doc>Clicks the button identified by ``locator``.</doc>
<status status="PASS" start="2024-11-27T07:50:44.725547" elapsed="0.216436"/>
</kw>
<kw name="Sleep" owner="BuiltIn">
<msg time="2024-11-27T07:50:46.943263" level="INFO">Slept 2 seconds.</msg>
<arg>2</arg>
<doc>Pauses the test executed for the given time.</doc>
<status status="PASS" start="2024-11-27T07:50:44.942392" elapsed="2.000871"/>
</kw>
<if>
<branch type="IF" condition="${i} == 3">
<kw name="Wait Until Element Is Visible" owner="SeleniumLibrary">
<arg>xpath=//*[@id="modalDynamicMessage"]</arg>
<doc>Waits until the element ``locator`` is visible.</doc>
<status status="NOT RUN" start="2024-11-27T07:50:46.944425" elapsed="0.000000"/>
</kw>
<kw name="Get Text" owner="SeleniumLibrary">
<var>${error_msg}</var>
<arg>xpath=//*[@id="modalDynamicMessage"]</arg>
<doc>Returns the text value of the element identified by ``locator``.</doc>
<status status="NOT RUN" start="2024-11-27T07:50:46.944425" elapsed="0.000000"/>
</kw>
<kw name="Should Be Equal" owner="BuiltIn">
<arg>${error_msg}</arg>
<arg>Oops! Your account has been locked due to multiple incorrect attempts!</arg>
<doc>Fails if the given objects are unequal.</doc>
<status status="NOT RUN" start="2024-11-27T07:50:46.945421" elapsed="0.000000"/>
</kw>
<kw name="Close Browser" owner="SeleniumLibrary">
<doc>Closes the current browser.</doc>
<status status="NOT RUN" start="2024-11-27T07:50:46.945421" elapsed="0.000000"/>
</kw>
<status status="NOT RUN" start="2024-11-27T07:50:46.943263" elapsed="0.002158"/>
</branch>
<status status="PASS" start="2024-11-27T07:50:46.943263" elapsed="0.002158"/>
</if>
<var name="${i}">2</var>
<status status="PASS" start="2024-11-27T07:50:43.833285" elapsed="3.112136"/>
</iter>
<var>${i}</var>
<value>3</value>
<status status="PASS" start="2024-11-27T07:50:37.444455" elapsed="9.501964"/>
</for>
<tag>EPM_LOGIN_009</tag>
<status status="PASS" start="2024-11-27T07:50:32.765699" elapsed="14.180720"/>
</test>
<test id="s1-t10" name="[EPM_LOGIN_010]" line="138">
<try>
<branch type="TRY">
<kw name="Open WebApp using Chrome" owner="EPM_Resource">
<kw name="Open Browser" owner="SeleniumLibrary">
<msg time="2024-11-27T07:50:46.950408" level="INFO">Opening browser 'Chrome' to base url 'https://172.31.32.64/registration_pilot/'.</msg>
<arg>${baseURL}</arg>
<arg>${browserName}</arg>
<arg>options=add_argument("--ignore-certificate-errors")</arg>
<doc>Opens a new browser instance to the optional ``url``.</doc>
<status status="PASS" start="2024-11-27T07:50:46.949443" elapsed="4.704664"/>
</kw>
<kw name="Maximize Browser Window" owner="SeleniumLibrary">
<doc>Maximizes current browser window.</doc>
<status status="PASS" start="2024-11-27T07:50:51.654107" elapsed="0.027666"/>
</kw>
<status status="PASS" start="2024-11-27T07:50:46.948414" elapsed="4.733359"/>
</kw>
<kw name="InputValue" owner="EPM_Resource">
<kw name="Input Text" owner="SeleniumLibrary">
<msg time="2024-11-27T07:50:51.683768" level="INFO">Typing text '9865' into text field 'xpath=/html/body/div[2]/div/div/section/div/div[2]/form/div[1]/div/input[2]'.</msg>
<arg>xpath=/html/body/div[2]/div/div/section/div/div[2]/form/div[1]/div/input[2]</arg>
<arg>${username}</arg>
<doc>Types the given ``text`` into the text field identified by ``locator``.</doc>
<status status="PASS" start="2024-11-27T07:50:51.682772" elapsed="0.313946"/>
</kw>
<kw name="Input Password" owner="SeleniumLibrary">
<msg time="2024-11-27T07:50:51.997715" level="INFO">Typing password into text field 'xpath=/html/body/div[2]/div/div/section/div/div[2]/form/div[2]/input'.</msg>
<msg time="2024-11-27T07:50:52.227754" level="INFO">Temporally setting log level to: NONE</msg>
<arg>xpath=/html/body/div[2]/div/div/section/div/div[2]/form/div[2]/input</arg>
<arg>${password}</arg>
<doc>Types the given password into the text field identified by ``locator``.</doc>
<status status="PASS" start="2024-11-27T07:50:51.996718" elapsed="0.316400"/>
</kw>
<arg>9865</arg>
<arg>P@ssw0rd</arg>
<status status="PASS" start="2024-11-27T07:50:51.682772" elapsed="0.631343"/>
</kw>
<kw name="Click Login Button">
<kw name="Click Button" owner="SeleniumLibrary">
<msg time="2024-11-27T07:50:52.316046" level="INFO">Clicking button 'xpath=/html/body/div[2]/div/div/section/div/div[2]/form/div[4]/div/button'.</msg>
<arg>xpath=/html/body/div[2]/div/div/section/div/div[2]/form/div[4]/div/button</arg>
<doc>Clicks the button identified by ``locator``.</doc>
<status status="PASS" start="2024-11-27T07:50:52.315112" elapsed="0.160442"/>
</kw>
<status status="PASS" start="2024-11-27T07:50:52.314115" elapsed="0.161439"/>
</kw>
<kw name="Wait Until Element Is Visible" owner="SeleniumLibrary">
<arg>xpath=//*[@id="modalDynamicMessage"]</arg>
<doc>Waits until the element ``locator`` is visible.</doc>
<status status="PASS" start="2024-11-27T07:50:52.475554" elapsed="0.339665"/>
</kw>
<kw name="Get Text" owner="SeleniumLibrary">
<msg time="2024-11-27T07:50:52.861782" level="INFO">${error_msg} = Your account is pending approval. Please contact the Personnel Section.</msg>
<var>${error_msg}</var>
<arg>xpath=//*[@id="modalDynamicMessage"]</arg>
<doc>Returns the text value of the element identified by ``locator``.</doc>
<status status="PASS" start="2024-11-27T07:50:52.816219" elapsed="0.045563"/>
</kw>
<kw name="Should Be Equal" owner="BuiltIn">
<arg>${error_msg}</arg>
<arg>Your account is pending approval. Please contact the Personnel Section.</arg>
<doc>Fails if the given objects are unequal.</doc>
<status status="PASS" start="2024-11-27T07:50:52.862780" elapsed="0.000000"/>
</kw>
<kw name="Sleep" owner="BuiltIn">
<msg time="2024-11-27T07:50:54.863398" level="INFO">Slept 2 seconds.</msg>
<arg>2</arg>
<doc>Pauses the test executed for the given time.</doc>
<status status="PASS" start="2024-11-27T07:50:52.862780" elapsed="2.000618"/>
</kw>
<status status="PASS" start="2024-11-27T07:50:46.948414" elapsed="7.914984"/>
</branch>
<branch type="EXCEPT">
<pattern>Error</pattern>
<kw name="Fatal Error" owner="BuiltIn">
<doc>Stops the whole test execution.</doc>
<status status="NOT RUN" start="2024-11-27T07:50:54.863398" elapsed="0.000000"/>
</kw>
<status status="NOT RUN" start="2024-11-27T07:50:54.863398" elapsed="0.000000"/>
</branch>
<branch type="FINALLY">
<kw name="Close Browser" owner="SeleniumLibrary">
<doc>Closes the current browser.</doc>
<status status="PASS" start="2024-11-27T07:50:54.864395" elapsed="3.982404"/>
</kw>
<status status="PASS" start="2024-11-27T07:50:54.864395" elapsed="3.982404"/>
</branch>
<status status="PASS" start="2024-11-27T07:50:46.948414" elapsed="11.898385"/>
</try>
<tag>EPM_LOGIN_010</tag>
<status status="PASS" start="2024-11-27T07:50:46.947416" elapsed="11.900656"/>
</test>
<test id="s1-t11" name="[EPM_LOGIN_011]" line="154">
<try>
<branch type="TRY">
<kw name="Open WebApp using Chrome" owner="EPM_Resource">
<kw name="Open Browser" owner="SeleniumLibrary">
<msg time="2024-11-27T07:50:58.852157" level="INFO">Opening browser 'Chrome' to base url 'https://172.31.32.64/registration_pilot/'.</msg>
<arg>${baseURL}</arg>
<arg>${browserName}</arg>
<arg>options=add_argument("--ignore-certificate-errors")</arg>
<doc>Opens a new browser instance to the optional ``url``.</doc>
<status status="PASS" start="2024-11-27T07:50:58.852157" elapsed="4.594224"/>
</kw>
<kw name="Maximize Browser Window" owner="SeleniumLibrary">
<doc>Maximizes current browser window.</doc>
<status status="PASS" start="2024-11-27T07:51:03.446381" elapsed="0.041930"/>
</kw>
<status status="PASS" start="2024-11-27T07:50:58.851161" elapsed="4.637150"/>
</kw>
<kw name="InputValue" owner="EPM_Resource">
<kw name="Input Text" owner="SeleniumLibrary">
<msg time="2024-11-27T07:51:03.489907" level="INFO">Typing text '9846' into text field 'xpath=/html/body/div[2]/div/div/section/div/div[2]/form/div[1]/div/input[2]'.</msg>
<arg>xpath=/html/body/div[2]/div/div/section/div/div[2]/form/div[1]/div/input[2]</arg>
<arg>${username}</arg>
<doc>Types the given ``text`` into the text field identified by ``locator``.</doc>
<status status="PASS" start="2024-11-27T07:51:03.489342" elapsed="0.461358"/>
</kw>
<kw name="Input Password" owner="SeleniumLibrary">
<msg time="2024-11-27T07:51:03.950700" level="INFO">Typing password into text field 'xpath=/html/body/div[2]/div/div/section/div/div[2]/form/div[2]/input'.</msg>
<msg time="2024-11-27T07:51:04.000045" level="INFO">Temporally setting log level to: NONE</msg>
<arg>xpath=/html/body/div[2]/div/div/section/div/div[2]/form/div[2]/input</arg>
<arg>${password}</arg>
<doc>Types the given password into the text field identified by ``locator``.</doc>
<status status="PASS" start="2024-11-27T07:51:03.950700" elapsed="0.109731"/>
</kw>
<arg>9846</arg>
<arg>P@ssw0rd</arg>
<status status="PASS" start="2024-11-27T07:51:03.489342" elapsed="0.571989"/>
</kw>
<kw name="Click Login Button">
<kw name="Click Button" owner="SeleniumLibrary">
<msg time="2024-11-27T07:51:04.062328" level="INFO">Clicking button 'xpath=/html/body/div[2]/div/div/section/div/div[2]/form/div[4]/div/button'.</msg>
<arg>xpath=/html/body/div[2]/div/div/section/div/div[2]/form/div[4]/div/button</arg>
<doc>Clicks the button identified by ``locator``.</doc>
<status status="PASS" start="2024-11-27T07:51:04.062328" elapsed="0.162002"/>
</kw>
<status status="PASS" start="2024-11-27T07:51:04.061331" elapsed="0.162999"/>
</kw>
<kw name="Wait Until Element Is Visible" owner="SeleniumLibrary">
<arg>xpath=//*[@id="modalDynamicMessage"]</arg>
<doc>Waits until the element ``locator`` is visible.</doc>
<status status="PASS" start="2024-11-27T07:51:04.224330" elapsed="0.554351"/>
</kw>
<kw name="Get Text" owner="SeleniumLibrary">
<msg time="2024-11-27T07:51:04.831089" level="INFO">${error_msg} = Your registration has been disapproved by the administrator. Please contact the Personnel Section.</msg>
<var>${error_msg}</var>
<arg>xpath=//*[@id="modalDynamicMessage"]</arg>
<doc>Returns the text value of the element identified by ``locator``.</doc>
<status status="PASS" start="2024-11-27T07:51:04.778681" elapsed="0.052408"/>
</kw>
<kw name="Should Be Equal" owner="BuiltIn">
<arg>${error_msg}</arg>
<arg>Your registration has been disapproved by the administrator. Please contact the Personnel Section.</arg>
<doc>Fails if the given objects are unequal.</doc>
<status status="PASS" start="2024-11-27T07:51:04.831089" elapsed="0.000998"/>
</kw>
<kw name="Sleep" owner="BuiltIn">
<msg time="2024-11-27T07:51:06.833013" level="INFO">Slept 2 seconds.</msg>
<arg>2</arg>
<doc>Pauses the test executed for the given time.</doc>
<status status="PASS" start="2024-11-27T07:51:04.832087" elapsed="2.000926"/>
</kw>
<status status="PASS" start="2024-11-27T07:50:58.851161" elapsed="7.981852"/>
</branch>
<branch type="EXCEPT">
<pattern>Error</pattern>
<kw name="Fatal Error" owner="BuiltIn">
<doc>Stops the whole test execution.</doc>
<status status="NOT RUN" start="2024-11-27T07:51:06.833013" elapsed="0.000000"/>
</kw>
<status status="NOT RUN" start="2024-11-27T07:51:06.833013" elapsed="0.000000"/>
</branch>
<branch type="FINALLY">
<kw name="Close Browser" owner="SeleniumLibrary">
<doc>Closes the current browser.</doc>
<status status="PASS" start="2024-11-27T07:51:06.833013" elapsed="2.380681"/>
</kw>
<status status="PASS" start="2024-11-27T07:51:06.833013" elapsed="2.380681"/>
</branch>
<status status="PASS" start="2024-11-27T07:50:58.851161" elapsed="10.362533"/>
</try>
<tag>EPM_LOGIN_011</tag>
<status status="PASS" start="2024-11-27T07:50:58.849657" elapsed="10.365480"/>
</test>
<status status="PASS" start="2024-11-27T07:49:12.466629" elapsed="116.750506"/>
</suite>
<statistics>
<total>
<stat pass="11" fail="0" skip="0">All Tests</stat>
</total>
<tag>
<stat pass="1" fail="0" skip="0">EPM_LOGIN_001</stat>
<stat pass="1" fail="0" skip="0">EPM_LOGIN_002</stat>
<stat pass="1" fail="0" skip="0">EPM_LOGIN_003</stat>
<stat pass="1" fail="0" skip="0">EPM_LOGIN_004</stat>
<stat pass="1" fail="0" skip="0">EPM_LOGIN_005</stat>
<stat pass="1" fail="0" skip="0">EPM_LOGIN_006</stat>
<stat pass="1" fail="0" skip="0">EPM_LOGIN_007</stat>
<stat pass="1" fail="0" skip="0">EPM_LOGIN_008</stat>
<stat pass="1" fail="0" skip="0">EPM_LOGIN_009</stat>
<stat pass="1" fail="0" skip="0">EPM_LOGIN_010</stat>
<stat pass="1" fail="0" skip="0">EPM_LOGIN_011</stat>
</tag>
<suite>
<stat pass="11" fail="0" skip="0" id="s1" name="EPMLogin">EPMLogin</stat>
</suite>
</statistics>
<errors>
</errors>
</robot>
